<?xml version="1.0" encoding="UTF-8"?>
<testsuite xmlns:xsi="http://www.w3.org/2001/XMLSchema-instance" xsi:noNamespaceSchemaLocation="https://maven.apache.org/surefire/maven-surefire-plugin/xsd/surefire-test-report-3.0.xsd" version="3.0" name="com.Blogs.Backend.BlogsBackend.BlogsBackendApplicationTests" time="7.163" tests="1" errors="0" skipped="0" failures="0">
  <properties>
[...]
</properties>
  <testcase name="contextLoads" classname="com.Blogs.Backend.BlogsBackend.BlogsBackendApplicationTests" time="0.738">
    <system-out><![CDATA[11:01:43.610 [main] INFO org.springframework.test.context.support.AnnotationConfigContextLoaderUtils -- Could not detect default configuration classes for test class [com.Blogs.Backend.BlogsBackend.BlogsBackendApplicationTests]: BlogsBackendApplicationTests does not declare any static, non-private, non-final, nested classes annotated with @Configuration.
11:01:43.794 [main] INFO org.springframework.boot.test.context.SpringBootTestContextBootstrapper -- Found @SpringBootConfiguration com.Blogs.Backend.BlogsBackend.BlogsBackendApplication for test class com.Blogs.Backend.BlogsBackend.BlogsBackendApplicationTests

  .   ____          _            __ _ _
 /\\ / ___'_ __ _ _(_)_ __  __ _ \ \ \ \
( ( )\___ | '_ | '_| | '_ \/ _` | \ \ \ \
 \\/  ___)| |_)| | | | | || (_| |  ) ) ) )
  '  |____| .__|_| |_|_| |_\__, | / / / /
 =========|_|==============|___/=/_/_/_/

 :: Spring Boot ::                (v3.3.5)

2024-11-14T11:01:44.553+05:30  INFO 12858 --- [BlogsBackend] [           main] c.B.B.B.BlogsBackendApplicationTests     : Starting BlogsBackendApplicationTests using Java 21.0.3 with PID 12858 (started by crest in /home/crest/Desktop/BlogsBackend)
2024-11-14T11:01:44.555+05:30 DEBUG 12858 --- [BlogsBackend] [           main] c.B.B.B.BlogsBackendApplicationTests     : Running with Spring Boot v3.3.5, Spring v6.1.14
2024-11-14T11:01:44.556+05:30  INFO 12858 --- [BlogsBackend] [           main] c.B.B.B.BlogsBackendApplicationTests     : No active profile set, falling back to 1 default profile: "default"
2024-11-14T11:01:44.558+05:30 DEBUG 12858 --- [BlogsBackend] [           main] o.s.boot.SpringApplication               : Loading source class com.Blogs.Backend.BlogsBackend.BlogsBackendApplication
2024-11-14T11:01:44.620+05:30 DEBUG 12858 --- [BlogsBackend] [           main] o.s.w.c.s.GenericWebApplicationContext   : Refreshing org.springframework.web.context.support.GenericWebApplicationContext@21ca139c
2024-11-14T11:01:44.651+05:30 DEBUG 12858 --- [BlogsBackend] [           main] o.s.b.f.s.DefaultListableBeanFactory     : Creating shared instance of singleton bean 'org.springframework.context.annotation.internalConfigurationAnnotationProcessor'
2024-11-14T11:01:44.679+05:30 DEBUG 12858 --- [BlogsBackend] [           main] o.s.b.f.s.DefaultListableBeanFactory     : Creating shared instance of singleton bean 'org.springframework.boot.autoconfigure.internalCachingMetadataReaderFactory'
2024-11-14T11:01:44.749+05:30 DEBUG 12858 --- [BlogsBackend] [           main] o.s.c.a.ClassPathBeanDefinitionScanner   : Identified candidate component class: file [/home/crest/Desktop/BlogsBackend/target/classes/com/Blogs/Backend/BlogsBackend/Security/configuration/SecurityConfiguration.class]
2024-11-14T11:01:44.752+05:30 DEBUG 12858 --- [BlogsBackend] [           main] o.s.c.a.ClassPathBeanDefinitionScanner   : Identified candidate component class: file [/home/crest/Desktop/BlogsBackend/target/classes/com/Blogs/Backend/BlogsBackend/Security/configuration/ThreadPoolConfig.class]
2024-11-14T11:01:44.775+05:30 DEBUG 12858 --- [BlogsBackend] [           main] o.s.c.a.ClassPathBeanDefinitionScanner   : Identified candidate component class: file [/home/crest/Desktop/BlogsBackend/target/classes/com/Blogs/Backend/BlogsBackend/Security/controller/AdminController.class]
2024-11-14T11:01:44.776+05:30 DEBUG 12858 --- [BlogsBackend] [           main] o.s.c.a.ClassPathBeanDefinitionScanner   : Identified candidate component class: file [/home/crest/Desktop/BlogsBackend/target/classes/com/Blogs/Backend/BlogsBackend/Security/controller/CustomerController.class]
2024-11-14T11:01:44.784+05:30 DEBUG 12858 --- [BlogsBackend] [           main] o.s.c.a.ClassPathBeanDefinitionScanner   : Identified candidate component class: file [/home/crest/Desktop/BlogsBackend/target/classes/com/Blogs/Backend/BlogsBackend/Security/controller/SellerController.class]
2024-11-14T11:01:44.786+05:30 DEBUG 12858 --- [BlogsBackend] [           main] o.s.c.a.ClassPathBeanDefinitionScanner   : Identified candidate component class: file [/home/crest/Desktop/BlogsBackend/target/classes/com/Blogs/Backend/BlogsBackend/Security/controller/UserController.class]
2024-11-14T11:01:44.817+05:30 DEBUG 12858 --- [BlogsBackend] [           main] o.s.c.a.ClassPathBeanDefinitionScanner   : Identified candidate component class: file [/home/crest/Desktop/BlogsBackend/target/classes/com/Blogs/Backend/BlogsBackend/Security/jwt/filter/JwtAuthFilter.class]
2024-11-14T11:01:44.819+05:30 DEBUG 12858 --- [BlogsBackend] [           main] o.s.c.a.ClassPathBeanDefinitionScanner   : Identified candidate component class: file [/home/crest/Desktop/BlogsBackend/target/classes/com/Blogs/Backend/BlogsBackend/Security/jwt/service/JwtService.class]
2024-11-14T11:01:44.821+05:30 DEBUG 12858 --- [BlogsBackend] [           main] o.s.c.a.ClassPathBeanDefinitionScanner   : Ignored because not a concrete top-level class: file [/home/crest/Desktop/BlogsBackend/target/classes/com/Blogs/Backend/BlogsBackend/Security/repository/BlogRepository.class]
2024-11-14T11:01:44.822+05:30 DEBUG 12858 --- [BlogsBackend] [           main] o.s.c.a.ClassPathBeanDefinitionScanner   : Ignored because not a concrete top-level class: file [/home/crest/Desktop/BlogsBackend/target/classes/com/Blogs/Backend/BlogsBackend/Security/repository/BlogRequestRepository.class]
2024-11-14T11:01:44.823+05:30 DEBUG 12858 --- [BlogsBackend] [           main] o.s.c.a.ClassPathBeanDefinitionScanner   : Ignored because not a concrete top-level class: file [/home/crest/Desktop/BlogsBackend/target/classes/com/Blogs/Backend/BlogsBackend/Security/repository/CustomerRepository.class]
2024-11-14T11:01:44.824+05:30 DEBUG 12858 --- [BlogsBackend] [           main] o.s.c.a.ClassPathBeanDefinitionScanner   : Ignored because not a concrete top-level class: file [/home/crest/Desktop/BlogsBackend/target/classes/com/Blogs/Backend/BlogsBackend/Security/repository/RejectedSellerRequestRepository.class]
2024-11-14T11:01:44.834+05:30 DEBUG 12858 --- [BlogsBackend] [           main] o.s.c.a.ClassPathBeanDefinitionScanner   : Ignored because not a concrete top-level class: file [/home/crest/Desktop/BlogsBackend/target/classes/com/Blogs/Backend/BlogsBackend/Security/repository/SellerRepository.class]
2024-11-14T11:01:44.836+05:30 DEBUG 12858 --- [BlogsBackend] [           main] o.s.c.a.ClassPathBeanDefinitionScanner   : Ignored because not a concrete top-level class: file [/home/crest/Desktop/BlogsBackend/target/classes/com/Blogs/Backend/BlogsBackend/Security/repository/UserDetailsRepository.class]
2024-11-14T11:01:44.837+05:30 DEBUG 12858 --- [BlogsBackend] [           main] o.s.c.a.ClassPathBeanDefinitionScanner   : Ignored because not a concrete top-level class: file [/home/crest/Desktop/BlogsBackend/target/classes/com/Blogs/Backend/BlogsBackend/Security/repository/UserRepository.class]
2024-11-14T11:01:44.839+05:30 DEBUG 12858 --- [BlogsBackend] [           main] o.s.c.a.ClassPathBeanDefinitionScanner   : Identified candidate component class: file [/home/crest/Desktop/BlogsBackend/target/classes/com/Blogs/Backend/BlogsBackend/Security/service/AdminService.class]
2024-11-14T11:01:44.840+05:30 DEBUG 12858 --- [BlogsBackend] [           main] o.s.c.a.ClassPathBeanDefinitionScanner   : Identified candidate component class: file [/home/crest/Desktop/BlogsBackend/target/classes/com/Blogs/Backend/BlogsBackend/Security/service/BlogRequestService.class]
2024-11-14T11:01:44.841+05:30 DEBUG 12858 --- [BlogsBackend] [           main] o.s.c.a.ClassPathBeanDefinitionScanner   : Identified candidate component class: file [/home/crest/Desktop/BlogsBackend/target/classes/com/Blogs/Backend/BlogsBackend/Security/service/BlogService.class]
2024-11-14T11:01:44.842+05:30 DEBUG 12858 --- [BlogsBackend] [           main] o.s.c.a.ClassPathBeanDefinitionScanner   : Identified candidate component class: file [/home/crest/Desktop/BlogsBackend/target/classes/com/Blogs/Backend/BlogsBackend/Security/service/MyUserService.class]
2024-11-14T11:01:44.843+05:30 DEBUG 12858 --- [BlogsBackend] [           main] o.s.c.a.ClassPathBeanDefinitionScanner   : Identified candidate component class: file [/home/crest/Desktop/BlogsBackend/target/classes/com/Blogs/Backend/BlogsBackend/Security/service/SellerService.class]
2024-11-14T11:01:44.844+05:30 DEBUG 12858 --- [BlogsBackend] [           main] o.s.c.a.ClassPathBeanDefinitionScanner   : Identified candidate component class: file [/home/crest/Desktop/BlogsBackend/target/classes/com/Blogs/Backend/BlogsBackend/Security/service/UserService.class]
2024-11-14T11:01:45.911+05:30  INFO 12858 --- [BlogsBackend] [           main] .s.d.r.c.RepositoryConfigurationDelegate : Multiple Spring Data modules found, entering strict repository configuration mode
2024-11-14T11:01:45.913+05:30  INFO 12858 --- [BlogsBackend] [           main] .s.d.r.c.RepositoryConfigurationDelegate : Bootstrapping Spring Data MongoDB repositories in DEFAULT mode.
2024-11-14T11:01:45.918+05:30 DEBUG 12858 --- [BlogsBackend] [           main] o.s.b.f.s.DefaultListableBeanFactory     : Creating shared instance of singleton bean 'org.springframework.boot.autoconfigure.AutoConfigurationPackages'
2024-11-14T11:01:45.929+05:30 DEBUG 12858 --- [BlogsBackend] [           main] o.s.b.a.AutoConfigurationPackages        : @EnableAutoConfiguration was declared on a class in the package 'com.Blogs.Backend.BlogsBackend'. Automatic @Repository and @Entity scanning is enabled.
2024-11-14T11:01:45.931+05:30 DEBUG 12858 --- [BlogsBackend] [           main] .s.d.r.c.RepositoryConfigurationDelegate : Scanning for MongoDB repositories in packages com.Blogs.Backend.BlogsBackend.
2024-11-14T11:01:45.951+05:30 DEBUG 12858 --- [BlogsBackend] [           main] o.s.d.r.c.RepositoryComponentProvider    : Identified candidate component class: file [/home/crest/Desktop/BlogsBackend/target/classes/com/Blogs/Backend/BlogsBackend/Security/repository/BlogRepository.class]
2024-11-14T11:01:45.952+05:30 DEBUG 12858 --- [BlogsBackend] [           main] o.s.d.r.c.RepositoryComponentProvider    : Identified candidate component class: file [/home/crest/Desktop/BlogsBackend/target/classes/com/Blogs/Backend/BlogsBackend/Security/repository/BlogRequestRepository.class]
2024-11-14T11:01:45.952+05:30 DEBUG 12858 --- [BlogsBackend] [           main] o.s.d.r.c.RepositoryComponentProvider    : Identified candidate component class: file [/home/crest/Desktop/BlogsBackend/target/classes/com/Blogs/Backend/BlogsBackend/Security/repository/CustomerRepository.class]
2024-11-14T11:01:45.952+05:30 DEBUG 12858 --- [BlogsBackend] [           main] o.s.d.r.c.RepositoryComponentProvider    : Identified candidate component class: file [/home/crest/Desktop/BlogsBackend/target/classes/com/Blogs/Backend/BlogsBackend/Security/repository/RejectedSellerRequestRepository.class]
2024-11-14T11:01:45.953+05:30 DEBUG 12858 --- [BlogsBackend] [           main] o.s.d.r.c.RepositoryComponentProvider    : Identified candidate component class: file [/home/crest/Desktop/BlogsBackend/target/classes/com/Blogs/Backend/BlogsBackend/Security/repository/SellerRepository.class]
2024-11-14T11:01:45.953+05:30 DEBUG 12858 --- [BlogsBackend] [           main] o.s.d.r.c.RepositoryComponentProvider    : Identified candidate component class: file [/home/crest/Desktop/BlogsBackend/target/classes/com/Blogs/Backend/BlogsBackend/Security/repository/SellerRequestRepository.class]
2024-11-14T11:01:45.953+05:30 DEBUG 12858 --- [BlogsBackend] [           main] o.s.d.r.c.RepositoryComponentProvider    : Identified candidate component class: file [/home/crest/Desktop/BlogsBackend/target/classes/com/Blogs/Backend/BlogsBackend/Security/repository/UserDetailsRepository.class]
2024-11-14T11:01:45.954+05:30 DEBUG 12858 --- [BlogsBackend] [           main] o.s.d.r.c.RepositoryComponentProvider    : Identified candidate component class: file [/home/crest/Desktop/BlogsBackend/target/classes/com/Blogs/Backend/BlogsBackend/Security/repository/UserRepository.class]
2024-11-14T11:01:46.033+05:30  INFO 12858 --- [BlogsBackend] [           main] .s.d.r.c.RepositoryConfigurationDelegate : Finished Spring Data repository scanning in 99 ms. Found 8 MongoDB repository interfaces.
2024-11-14T11:01:46.168+05:30 DEBUG 12858 --- [BlogsBackend] [           main] o.s.b.f.s.DefaultListableBeanFactory     : Creating shared instance of singleton bean 'springSecurityHandlerMappingIntrospectorBeanDefinitionRegistryPostProcessor'
2024-11-14T11:01:46.322+05:30 DEBUG 12858 --- [BlogsBackend] [           main] o.s.b.f.s.DefaultListableBeanFactory     : Creating shared instance of singleton bean 'propertySourcesPlaceholderConfigurer'
2024-11-14T11:01:46.329+05:30 DEBUG 12858 --- [BlogsBackend] [           main] o.s.b.f.s.DefaultListableBeanFactory     : Creating shared instance of singleton bean 'org.springframework.boot.test.mock.mockito.MockitoPostProcessor'
2024-11-14T11:01:46.330+05:30 DEBUG 12858 --- [BlogsBackend] [           main] o.s.b.f.s.DefaultListableBeanFactory     : Creating shared instance of singleton bean 'org.springframework.boot.sql.init.dependency.DatabaseInitializationDependencyConfigurer$DependsOnDatabaseInitializationPostProcessor'
2024-11-14T11:01:46.391+05:30 DEBUG 12858 --- [BlogsBackend] [           main] o.s.b.f.s.DefaultListableBeanFactory     : Creating shared instance of singleton bean 'org.springframework.context.event.internalEventListenerProcessor'
2024-11-14T11:01:46.393+05:30 DEBUG 12858 --- [BlogsBackend] [           main] o.s.b.f.s.DefaultListableBeanFactory     : Creating shared instance of singleton bean 'conversionServicePostProcessor'
2024-11-14T11:01:46.403+05:30 DEBUG 12858 --- [BlogsBackend] [           main] o.s.b.f.s.DefaultListableBeanFactory     : Creating shared instance of singleton bean 'preserveErrorControllerTargetClassPostProcessor'
2024-11-14T11:01:46.405+05:30 DEBUG 12858 --- [BlogsBackend] [           main] o.s.b.f.s.DefaultListableBeanFactory     : Creating shared instance of singleton bean 'org.springframework.context.event.internalEventListenerFactory'
2024-11-14T11:01:46.412+05:30 DEBUG 12858 --- [BlogsBackend] [           main] o.s.b.f.s.DefaultListableBeanFactory     : Creating shared instance of singleton bean 'org.springframework.boot.test.mock.mockito.MockitoPostProcessor$SpyPostProcessor'
2024-11-14T11:01:46.414+05:30 DEBUG 12858 --- [BlogsBackend] [           main] o.s.b.f.s.DefaultListableBeanFactory     : Creating shared instance of singleton bean 'org.springframework.context.annotation.internalAutowiredAnnotationProcessor'
2024-11-14T11:01:46.416+05:30 DEBUG 12858 --- [BlogsBackend] [           main] o.s.b.f.s.DefaultListableBeanFactory     : Creating shared instance of singleton bean 'org.springframework.context.annotation.internalCommonAnnotationProcessor'
2024-11-14T11:01:46.422+05:30 DEBUG 12858 --- [BlogsBackend] [           main] o.s.b.f.s.DefaultListableBeanFactory     : Creating shared instance of singleton bean 'org.springframework.context.annotation.internalPersistenceAnnotationProcessor'
2024-11-14T11:01:46.423+05:30 DEBUG 12858 --- [BlogsBackend] [           main] o.s.b.f.s.DefaultListableBeanFactory     : Creating shared instance of singleton bean 'org.springframework.boot.context.properties.ConfigurationPropertiesBindingPostProcessor'
2024-11-14T11:01:46.423+05:30 DEBUG 12858 --- [BlogsBackend] [           main] o.s.b.f.s.DefaultListableBeanFactory     : Creating shared instance of singleton bean 'org.springframework.boot.context.internalConfigurationPropertiesBinder'
2024-11-14T11:01:46.428+05:30 DEBUG 12858 --- [BlogsBackend] [           main] o.s.b.f.s.DefaultListableBeanFactory     : Creating shared instance of singleton bean 'org.springframework.aop.config.internalAutoProxyCreator'
2024-11-14T11:01:46.460+05:30 DEBUG 12858 --- [BlogsBackend] [           main] o.s.b.f.s.DefaultListableBeanFactory     : Creating shared instance of singleton bean 'org.springframework.context.annotation.internalAsyncAnnotationProcessor'
2024-11-14T11:01:46.460+05:30 DEBUG 12858 --- [BlogsBackend] [           main] o.s.b.f.s.DefaultListableBeanFactory     : Creating shared instance of singleton bean 'org.springframework.scheduling.annotation.ProxyAsyncConfiguration'
2024-11-14T11:01:46.482+05:30 DEBUG 12858 --- [BlogsBackend] [           main] o.s.b.f.s.DefaultListableBeanFactory     : Creating shared instance of singleton bean 'persistenceExceptionTranslationPostProcessor'
2024-11-14T11:01:46.512+05:30 DEBUG 12858 --- [BlogsBackend] [           main] o.s.b.f.s.DefaultListableBeanFactory     : Autowiring by type from bean name 'persistenceExceptionTranslationPostProcessor' via factory method to bean named 'environment'
2024-11-14T11:01:46.516+05:30 DEBUG 12858 --- [BlogsBackend] [           main] o.s.b.f.s.DefaultListableBeanFactory     : Creating shared instance of singleton bean 'webServerFactoryCustomizerBeanPostProcessor'
2024-11-14T11:01:46.518+05:30 DEBUG 12858 --- [BlogsBackend] [           main] o.s.b.f.s.DefaultListableBeanFactory     : Creating shared instance of singleton bean 'errorPageRegistrarBeanPostProcessor'
2024-11-14T11:01:46.519+05:30 DEBUG 12858 --- [BlogsBackend] [           main] o.s.b.f.s.DefaultListableBeanFactory     : Creating shared instance of singleton bean 'projectingArgumentResolverBeanPostProcessor'
2024-11-14T11:01:46.521+05:30 DEBUG 12858 --- [BlogsBackend] [           main] o.s.b.f.s.DefaultListableBeanFactory     : Creating shared instance of singleton bean 'preFilterAuthorizationAdvisor'
2024-11-14T11:01:46.523+05:30 DEBUG 12858 --- [BlogsBackend] [           main] o.s.b.f.s.DefaultListableBeanFactory     : Creating shared instance of singleton bean 'preFilterAuthorizationMethodInterceptor'
2024-11-14T11:01:46.545+05:30 DEBUG 12858 --- [BlogsBackend] [           main] o.s.b.f.s.DefaultListableBeanFactory     : Creating shared instance of singleton bean 'preAuthorizeAuthorizationAdvisor'
2024-11-14T11:01:46.546+05:30 DEBUG 12858 --- [BlogsBackend] [           main] o.s.b.f.s.DefaultListableBeanFactory     : Creating shared instance of singleton bean 'preAuthorizeAuthorizationMethodInterceptor'
2024-11-14T11:01:46.548+05:30 DEBUG 12858 --- [BlogsBackend] [           main] o.s.b.f.s.DefaultListableBeanFactory     : Creating shared instance of singleton bean 'postFilterAuthorizationAdvisor'
2024-11-14T11:01:46.549+05:30 DEBUG 12858 --- [BlogsBackend] [           main] o.s.b.f.s.DefaultListableBeanFactory     : Creating shared instance of singleton bean 'postFilterAuthorizationMethodInterceptor'
2024-11-14T11:01:46.551+05:30 DEBUG 12858 --- [BlogsBackend] [           main] o.s.b.f.s.DefaultListableBeanFactory     : Creating shared instance of singleton bean 'postAuthorizeAuthorizationAdvisor'
2024-11-14T11:01:46.552+05:30 DEBUG 12858 --- [BlogsBackend] [           main] o.s.b.f.s.DefaultListableBeanFactory     : Creating shared instance of singleton bean 'postAuthorizeAuthorizationMethodInterceptor'
2024-11-14T11:01:46.554+05:30 DEBUG 12858 --- [BlogsBackend] [           main] o.s.b.f.s.DefaultListableBeanFactory     : Creating shared instance of singleton bean 'authorizeReturnObjectAdvisor'
2024-11-14T11:01:46.554+05:30 DEBUG 12858 --- [BlogsBackend] [           main] o.s.b.f.s.DefaultListableBeanFactory     : Creating shared instance of singleton bean 'authorizeReturnObjectMethodInterceptor'
2024-11-14T11:01:46.556+05:30 DEBUG 12858 --- [BlogsBackend] [           main] o.s.b.f.s.DefaultListableBeanFactory     : Creating shared instance of singleton bean 'authorizationProxyFactory'
2024-11-14T11:01:46.594+05:30 DEBUG 12858 --- [BlogsBackend] [           main] o.s.b.f.s.DefaultListableBeanFactory     : Autowiring by type from bean name 'authorizeReturnObjectMethodInterceptor' via factory method to bean named 'authorizationProxyFactory'
2024-11-14T11:01:46.635+05:30 DEBUG 12858 --- [BlogsBackend] [           main] o.s.u.c.s.UiApplicationContextUtils      : Unable to locate ThemeSource with name 'themeSource': using default [org.springframework.ui.context.support.ResourceBundleThemeSource@2f10f633]
2024-11-14T11:01:46.637+05:30 DEBUG 12858 --- [BlogsBackend] [           main] o.s.b.f.s.DefaultListableBeanFactory     : Creating shared instance of singleton bean 'blogsBackendApplication'
2024-11-14T11:01:46.643+05:30 DEBUG 12858 --- [BlogsBackend] [           main] o.s.b.f.s.DefaultListableBeanFactory     : Creating shared instance of singleton bean 'securityConfiguration'
2024-11-14T11:01:46.649+05:30 DEBUG 12858 --- [BlogsBackend] [           main] o.s.b.f.s.DefaultListableBeanFactory     : Creating shared instance of singleton bean 'myUserService'
2024-11-14T11:01:46.651+05:30 DEBUG 12858 --- [BlogsBackend] [           main] o.s.b.f.s.DefaultListableBeanFactory     : Creating shared instance of singleton bean 'userDetailsRepository'
2024-11-14T11:01:46.657+05:30 DEBUG 12858 --- [BlogsBackend] [           main] o.s.b.f.s.DefaultListableBeanFactory     : Creating shared instance of singleton bean 'mongo.named-queries#5'
2024-11-14T11:01:46.667+05:30 DEBUG 12858 --- [BlogsBackend] [           main] o.s.b.f.s.DefaultListableBeanFactory     : Creating shared instance of singleton bean 'mongodb.UserDetailsRepository.fragments#0'
2024-11-14T11:01:46.682+05:30 DEBUG 12858 --- [BlogsBackend] [           main] o.s.b.f.s.DefaultListableBeanFactory     : Creating shared instance of singleton bean 'mongoTemplate'
2024-11-14T11:01:46.682+05:30 DEBUG 12858 --- [BlogsBackend] [           main] o.s.b.f.s.DefaultListableBeanFactory     : Creating shared instance of singleton bean 'org.springframework.boot.autoconfigure.data.mongo.MongoDatabaseFactoryDependentConfiguration'
2024-11-14T11:01:46.685+05:30 DEBUG 12858 --- [BlogsBackend] [           main] o.s.b.f.s.DefaultListableBeanFactory     : Creating shared instance of singleton bean 'mongoDatabaseFactory'
2024-11-14T11:01:46.686+05:30 DEBUG 12858 --- [BlogsBackend] [           main] o.s.b.f.s.DefaultListableBeanFactory     : Creating shared instance of singleton bean 'org.springframework.boot.autoconfigure.data.mongo.MongoDatabaseFactoryConfiguration'
2024-11-14T11:01:46.689+05:30 DEBUG 12858 --- [BlogsBackend] [           main] o.s.b.f.s.DefaultListableBeanFactory     : Creating shared instance of singleton bean 'mongo'
2024-11-14T11:01:46.690+05:30 DEBUG 12858 --- [BlogsBackend] [           main] o.s.b.f.s.DefaultListableBeanFactory     : Creating shared instance of singleton bean 'org.springframework.boot.autoconfigure.mongo.MongoAutoConfiguration'
2024-11-14T11:01:46.693+05:30 DEBUG 12858 --- [BlogsBackend] [           main] o.s.b.f.s.DefaultListableBeanFactory     : Creating shared instance of singleton bean 'mongoClientSettings'
2024-11-14T11:01:46.693+05:30 DEBUG 12858 --- [BlogsBackend] [           main] o.s.b.f.s.DefaultListableBeanFactory     : Creating shared instance of singleton bean 'org.springframework.boot.autoconfigure.mongo.MongoAutoConfiguration$MongoClientSettingsConfiguration'
2024-11-14T11:01:46.774+05:30 DEBUG 12858 --- [BlogsBackend] [           main] o.s.b.f.s.DefaultListableBeanFactory     : Autowiring by type from bean name 'mongo' via factory method to bean named 'mongoClientSettings'
2024-11-14T11:01:46.777+05:30 DEBUG 12858 --- [BlogsBackend] [           main] o.s.b.f.s.DefaultListableBeanFactory     : Creating shared instance of singleton bean 'standardMongoSettingsCustomizer'
2024-11-14T11:01:46.778+05:30 DEBUG 12858 --- [BlogsBackend] [           main] o.s.b.f.s.DefaultListableBeanFactory     : Creating shared instance of singleton bean 'spring.data.mongodb-org.springframework.boot.autoconfigure.mongo.MongoProperties'
2024-11-14T11:01:46.781+05:30 DEBUG 12858 --- [BlogsBackend] [           main] o.s.b.f.s.DefaultListableBeanFactory     : Creating shared instance of singleton bean 'org.springframework.boot.context.properties.BoundConfigurationProperties'
2024-11-14T11:01:46.817+05:30 DEBUG 12858 --- [BlogsBackend] [           main] o.s.b.f.s.DefaultListableBeanFactory     : Creating shared instance of singleton bean 'mongoConnectionDetails'
2024-11-14T11:01:46.818+05:30 DEBUG 12858 --- [BlogsBackend] [           main] o.s.b.f.s.DefaultListableBeanFactory     : Autowiring by type from bean name 'mongoConnectionDetails' via factory method to bean named 'spring.data.mongodb-org.springframework.boot.autoconfigure.mongo.MongoProperties'
2024-11-14T11:01:46.822+05:30 DEBUG 12858 --- [BlogsBackend] [           main] o.s.b.f.s.DefaultListableBeanFactory     : Autowiring by type from bean name 'standardMongoSettingsCustomizer' via factory method to bean named 'spring.data.mongodb-org.springframework.boot.autoconfigure.mongo.MongoProperties'
2024-11-14T11:01:46.822+05:30 DEBUG 12858 --- [BlogsBackend] [           main] o.s.b.f.s.DefaultListableBeanFactory     : Autowiring by type from bean name 'standardMongoSettingsCustomizer' via factory method to bean named 'mongoConnectionDetails'
2024-11-14T11:01:46.829+05:30 DEBUG 12858 --- [BlogsBackend] [           main] o.s.b.f.s.DefaultListableBeanFactory     : Creating shared instance of singleton bean 'sslBundleRegistry'
2024-11-14T11:01:46.829+05:30 DEBUG 12858 --- [BlogsBackend] [           main] o.s.b.f.s.DefaultListableBeanFactory     : Creating shared instance of singleton bean 'org.springframework.boot.autoconfigure.ssl.SslAutoConfiguration'
2024-11-14T11:01:46.831+05:30 DEBUG 12858 --- [BlogsBackend] [           main] o.s.b.f.s.DefaultListableBeanFactory     : Creating shared instance of singleton bean 'spring.ssl-org.springframework.boot.autoconfigure.ssl.SslProperties'
2024-11-14T11:01:46.835+05:30 DEBUG 12858 --- [BlogsBackend] [           main] o.s.b.f.s.DefaultListableBeanFactory     : Autowiring by type from bean name 'org.springframework.boot.autoconfigure.ssl.SslAutoConfiguration' via constructor to bean named 'org.springframework.web.context.support.GenericWebApplicationContext@21ca139c'
2024-11-14T11:01:46.835+05:30 DEBUG 12858 --- [BlogsBackend] [           main] o.s.b.f.s.DefaultListableBeanFactory     : Autowiring by type from bean name 'org.springframework.boot.autoconfigure.ssl.SslAutoConfiguration' via constructor to bean named 'spring.ssl-org.springframework.boot.autoconfigure.ssl.SslProperties'
2024-11-14T11:01:46.839+05:30 DEBUG 12858 --- [BlogsBackend] [           main] o.s.b.f.s.DefaultListableBeanFactory     : Creating shared instance of singleton bean 'sslPropertiesSslBundleRegistrar'
2024-11-14T11:01:46.840+05:30 DEBUG 12858 --- [BlogsBackend] [           main] o.s.b.f.s.DefaultListableBeanFactory     : Creating shared instance of singleton bean 'fileWatcher'
2024-11-14T11:01:46.843+05:30 DEBUG 12858 --- [BlogsBackend] [           main] o.s.b.f.s.DefaultListableBeanFactory     : Autowiring by type from bean name 'sslPropertiesSslBundleRegistrar' via factory method to bean named 'fileWatcher'
2024-11-14T11:01:46.940+05:30 DEBUG 12858 --- [BlogsBackend] [           main] org.mongodb.driver.connection            : Connection pool created for localhost:27017 using options maxIdleTimeMS=0, minPoolSize=0, maxPoolSize=100, maxConnecting=2, waitQueueTimeoutMS=120000
2024-11-14T11:01:46.954+05:30 DEBUG 12858 --- [BlogsBackend] [           main] org.mongodb.driver.cluster               : Updating cluster description to  {type=UNKNOWN, servers=[{address=localhost:27017, type=UNKNOWN, state=CONNECTING}]
2024-11-14T11:01:46.982+05:30  INFO 12858 --- [BlogsBackend] [           main] org.mongodb.driver.client                : MongoClient with metadata {"driver": {"name": "mongo-java-driver|sync|spring-boot", "version": "5.0.1"}, "os": {"type": "Linux", "name": "Linux", "architecture": "amd64", "version": "6.8.0-48-generic"}, "platform": "Java/Oracle Corporation/21.0.3+7-LTS-152"} created with settings MongoClientSettings{readPreference=primary, writeConcern=WriteConcern{w=null, wTimeout=null ms, journal=null}, retryWrites=true, retryReads=true, readConcern=ReadConcern{level=null}, credential=null, transportSettings=null, commandListeners=[], codecRegistry=ProvidersCodecRegistry{codecProviders=[ValueCodecProvider{}, BsonValueCodecProvider{}, DBRefCodecProvider{}, DBObjectCodecProvider{}, DocumentCodecProvider{}, CollectionCodecProvider{}, IterableCodecProvider{}, MapCodecProvider{}, GeoJsonCodecProvider{}, GridFSFileCodecProvider{}, Jsr310CodecProvider{}, JsonObjectCodecProvider{}, BsonCodecProvider{}, EnumCodecProvider{}, com.mongodb.client.model.mql.ExpressionCodecProvider@62765aec, com.mongodb.Jep395RecordCodecProvider@6f5bd362, com.mongodb.KotlinCodecProvider@3a401749]}, loggerSettings=LoggerSettings{maxDocumentLength=1000}, clusterSettings={hosts=[localhost:27017], srvServiceName=mongodb, mode=SINGLE, requiredClusterType=UNKNOWN, requiredReplicaSetName='null', serverSelector='null', clusterListeners='[]', serverSelectionTimeout='30000 ms', localThreshold='15 ms'}, socketSettings=SocketSettings{connectTimeoutMS=10000, readTimeoutMS=0, receiveBufferSize=0, proxySettings=ProxySettings{host=null, port=null, username=null, password=null}}, heartbeatSocketSettings=SocketSettings{connectTimeoutMS=10000, readTimeoutMS=10000, receiveBufferSize=0, proxySettings=ProxySettings{host=null, port=null, username=null, password=null}}, connectionPoolSettings=ConnectionPoolSettings{maxSize=100, minSize=0, maxWaitTimeMS=120000, maxConnectionLifeTimeMS=0, maxConnectionIdleTimeMS=0, maintenanceInitialDelayMS=0, maintenanceFrequencyMS=60000, connectionPoolListeners=[], maxConnecting=2}, serverSettings=ServerSettings{heartbeatFrequencyMS=10000, minHeartbeatFrequencyMS=500, serverListeners='[]', serverMonitorListeners='[]'}, sslSettings=SslSettings{enabled=false, invalidHostNameAllowed=false, context=null}, applicationName='null', compressorList=[], uuidRepresentation=JAVA_LEGACY, serverApi=null, autoEncryptionSettings=null, dnsClient=null, inetAddressResolver=null, contextProvider=null}
2024-11-14T11:01:46.990+05:30 DEBUG 12858 --- [BlogsBackend] [           main] o.s.b.f.s.DefaultListableBeanFactory     : Autowiring by type from bean name 'mongoDatabaseFactory' via factory method to bean named 'mongo'
2024-11-14T11:01:46.990+05:30 DEBUG 12858 --- [BlogsBackend] [           main] o.s.b.f.s.DefaultListableBeanFactory     : Autowiring by type from bean name 'mongoDatabaseFactory' via factory method to bean named 'spring.data.mongodb-org.springframework.boot.autoconfigure.mongo.MongoProperties'
2024-11-14T11:01:46.990+05:30 DEBUG 12858 --- [BlogsBackend] [           main] o.s.b.f.s.DefaultListableBeanFactory     : Autowiring by type from bean name 'mongoDatabaseFactory' via factory method to bean named 'mongoConnectionDetails'
2024-11-14T11:01:47.002+05:30 DEBUG 12858 --- [BlogsBackend] [           main] o.s.b.f.s.DefaultListableBeanFactory     : Creating shared instance of singleton bean 'mappingMongoConverter'
2024-11-14T11:01:47.002+05:30 DEBUG 12858 --- [BlogsBackend] [           main] o.s.b.f.s.DefaultListableBeanFactory     : Creating shared instance of singleton bean 'org.springframework.boot.autoconfigure.data.mongo.MongoDataConfiguration'
2024-11-14T11:01:47.006+05:30 DEBUG 12858 --- [BlogsBackend] [           main] o.s.b.f.s.DefaultListableBeanFactory     : Creating shared instance of singleton bean 'mongoMappingContext'
2024-11-14T11:01:47.008+05:30 DEBUG 12858 --- [BlogsBackend] [           main] o.s.b.f.s.DefaultListableBeanFactory     : Creating shared instance of singleton bean 'mongoCustomConversions'
2024-11-14T11:01:47.024+05:30  INFO 12858 --- [BlogsBackend] [localhost:27017] org.mongodb.driver.cluster               : Monitor thread successfully connected to server with description ServerDescription{address=localhost:27017, type=STANDALONE, state=CONNECTED, ok=true, minWireVersion=0, maxWireVersion=25, maxDocumentSize=16777216, logicalSessionTimeoutMinutes=30, roundTripTimeNanos=35431129}
2024-11-14T11:01:47.027+05:30 DEBUG 12858 --- [BlogsBackend] [localhost:27017] org.mongodb.driver.connection            : Connection pool ready for localhost:27017
2024-11-14T11:01:47.036+05:30 DEBUG 12858 --- [BlogsBackend] [localhost:27017] org.mongodb.driver.cluster               : Updating cluster description to  {type=STANDALONE, servers=[{address=localhost:27017, type=STANDALONE, roundTripTime=35.4 ms, state=CONNECTED}]
2024-11-14T11:01:47.036+05:30 DEBUG 12858 --- [BlogsBackend] [localhost:27017] org.mongodb.driver.cluster               : Checking status of localhost:27017
2024-11-14T11:01:47.124+05:30 DEBUG 12858 --- [BlogsBackend] [           main] o.s.data.convert.CustomConversions       : Adding converter from class java.lang.Character to class java.lang.String as writing converter
2024-11-14T11:01:47.125+05:30 DEBUG 12858 --- [BlogsBackend] [           main] o.s.data.convert.CustomConversions       : Adding converter from class java.util.Locale to class java.lang.String as writing converter
2024-11-14T11:01:47.126+05:30 DEBUG 12858 --- [BlogsBackend] [           main] o.s.data.convert.CustomConversions       : Adding converter from class java.math.BigDecimal to class java.lang.String as writing converter
2024-11-14T11:01:47.126+05:30 DEBUG 12858 --- [BlogsBackend] [           main] o.s.data.convert.CustomConversions       : Adding converter from class java.math.BigDecimal to class org.bson.types.Decimal128 as writing converter
2024-11-14T11:01:47.127+05:30 DEBUG 12858 --- [BlogsBackend] [           main] o.s.data.convert.CustomConversions       : Adding converter from class java.lang.String to class java.math.BigDecimal as reading converter
2024-11-14T11:01:47.127+05:30 DEBUG 12858 --- [BlogsBackend] [           main] o.s.data.convert.CustomConversions       : Adding converter from class org.bson.types.Decimal128 to class java.math.BigDecimal as reading converter
2024-11-14T11:01:47.127+05:30 DEBUG 12858 --- [BlogsBackend] [           main] o.s.data.convert.CustomConversions       : Adding converter from class java.math.BigInteger to class java.lang.String as writing converter
2024-11-14T11:01:47.127+05:30 DEBUG 12858 --- [BlogsBackend] [           main] o.s.data.convert.CustomConversions       : Adding converter from class java.lang.String to class java.math.BigInteger as reading converter
2024-11-14T11:01:47.128+05:30 DEBUG 12858 --- [BlogsBackend] [           main] o.s.data.convert.CustomConversions       : Adding converter from class java.net.URL to class java.lang.String as writing converter
2024-11-14T11:01:47.128+05:30 DEBUG 12858 --- [BlogsBackend] [           main] o.s.data.convert.CustomConversions       : Adding converter from class java.lang.String to class java.net.URL as reading converter
2024-11-14T11:01:47.128+05:30 DEBUG 12858 --- [BlogsBackend] [           main] o.s.data.convert.CustomConversions       : Adding converter from class org.bson.Document to class java.lang.String as reading converter
2024-11-14T11:01:47.128+05:30 DEBUG 12858 --- [BlogsBackend] [           main] o.s.data.convert.CustomConversions       : Adding converter from class org.springframework.data.mongodb.core.query.Term to class java.lang.String as writing converter
2024-11-14T11:01:47.129+05:30 DEBUG 12858 --- [BlogsBackend] [           main] o.s.data.convert.CustomConversions       : Adding converter from class org.springframework.data.mongodb.core.script.NamedMongoScript to class org.bson.Document as writing converter
2024-11-14T11:01:47.129+05:30 DEBUG 12858 --- [BlogsBackend] [           main] o.s.data.convert.CustomConversions       : Adding converter from class org.bson.Document to class org.springframework.data.mongodb.core.script.NamedMongoScript as reading converter
2024-11-14T11:01:47.129+05:30 DEBUG 12858 --- [BlogsBackend] [           main] o.s.data.convert.CustomConversions       : Adding converter from class java.util.Currency to class java.lang.String as writing converter
2024-11-14T11:01:47.129+05:30 DEBUG 12858 --- [BlogsBackend] [           main] o.s.data.convert.CustomConversions       : Adding converter from class java.lang.String to class java.util.Currency as reading converter
2024-11-14T11:01:47.129+05:30 DEBUG 12858 --- [BlogsBackend] [           main] o.s.data.convert.CustomConversions       : Adding converter from class java.util.concurrent.atomic.AtomicInteger to class java.lang.Integer as writing converter
2024-11-14T11:01:47.130+05:30 DEBUG 12858 --- [BlogsBackend] [           main] o.s.data.convert.CustomConversions       : Adding converter from class java.util.concurrent.atomic.AtomicLong to class java.lang.Long as writing converter
2024-11-14T11:01:47.130+05:30 DEBUG 12858 --- [BlogsBackend] [           main] o.s.data.convert.CustomConversions       : Adding converter from class java.lang.Long to class java.util.concurrent.atomic.AtomicLong as reading converter
2024-11-14T11:01:47.130+05:30 DEBUG 12858 --- [BlogsBackend] [           main] o.s.data.convert.CustomConversions       : Adding converter from class java.lang.Integer to class java.util.concurrent.atomic.AtomicInteger as reading converter
2024-11-14T11:01:47.130+05:30 DEBUG 12858 --- [BlogsBackend] [           main] o.s.data.convert.CustomConversions       : Adding converter from class org.bson.types.Binary to class [B as reading converter
2024-11-14T11:01:47.130+05:30 DEBUG 12858 --- [BlogsBackend] [           main] o.s.data.convert.CustomConversions       : Adding converter from class org.bson.BsonTimestamp to class java.time.Instant as reading converter
2024-11-14T11:01:47.130+05:30 DEBUG 12858 --- [BlogsBackend] [           main] o.s.data.convert.CustomConversions       : Adding converter from class org.bson.BsonUndefined to class java.lang.Object as reading converter
2024-11-14T11:01:47.131+05:30 DEBUG 12858 --- [BlogsBackend] [           main] o.s.data.convert.CustomConversions       : Adding converter from class java.net.URI to class java.lang.String as writing converter
2024-11-14T11:01:47.131+05:30 DEBUG 12858 --- [BlogsBackend] [           main] o.s.data.convert.CustomConversions       : Adding converter from class java.lang.String to class java.net.URI as reading converter
2024-11-14T11:01:47.131+05:30 DEBUG 12858 --- [BlogsBackend] [           main] o.s.data.convert.CustomConversions       : Adding converter from class org.springframework.data.geo.Box to class org.bson.Document as writing converter
2024-11-14T11:01:47.131+05:30 DEBUG 12858 --- [BlogsBackend] [           main] o.s.data.convert.CustomConversions       : Adding converter from class org.springframework.data.geo.Polygon to class org.bson.Document as writing converter
2024-11-14T11:01:47.132+05:30 DEBUG 12858 --- [BlogsBackend] [           main] o.s.data.convert.CustomConversions       : Adding converter from class org.springframework.data.geo.Circle to class org.bson.Document as writing converter
2024-11-14T11:01:47.132+05:30 DEBUG 12858 --- [BlogsBackend] [           main] o.s.data.convert.CustomConversions       : Adding converter from class org.springframework.data.mongodb.core.geo.Sphere to class org.bson.Document as writing converter
2024-11-14T11:01:47.132+05:30 DEBUG 12858 --- [BlogsBackend] [           main] o.s.data.convert.CustomConversions       : Adding converter from class org.bson.Document to class org.springframework.data.geo.Box as reading converter
2024-11-14T11:01:47.132+05:30 DEBUG 12858 --- [BlogsBackend] [           main] o.s.data.convert.CustomConversions       : Adding converter from class org.bson.Document to class org.springframework.data.geo.Polygon as reading converter
2024-11-14T11:01:47.132+05:30 DEBUG 12858 --- [BlogsBackend] [           main] o.s.data.convert.CustomConversions       : Adding converter from class org.bson.Document to class org.springframework.data.geo.Circle as reading converter
2024-11-14T11:01:47.133+05:30 DEBUG 12858 --- [BlogsBackend] [           main] o.s.data.convert.CustomConversions       : Adding converter from class org.bson.Document to class org.springframework.data.mongodb.core.geo.Sphere as reading converter
2024-11-14T11:01:47.133+05:30 DEBUG 12858 --- [BlogsBackend] [           main] o.s.data.convert.CustomConversions       : Adding converter from class org.bson.Document to class org.springframework.data.geo.Point as reading converter
2024-11-14T11:01:47.133+05:30 DEBUG 12858 --- [BlogsBackend] [           main] o.s.data.convert.CustomConversions       : Adding converter from class org.springframework.data.geo.Point to class org.bson.Document as writing converter
2024-11-14T11:01:47.133+05:30 DEBUG 12858 --- [BlogsBackend] [           main] o.s.data.convert.CustomConversions       : Adding converter from class org.springframework.data.mongodb.core.query.GeoCommand to class org.bson.Document as writing converter
2024-11-14T11:01:47.134+05:30 DEBUG 12858 --- [BlogsBackend] [           main] o.s.data.convert.CustomConversions       : Adding converter from interface org.springframework.data.mongodb.core.geo.GeoJson to class org.bson.Document as writing converter
2024-11-14T11:01:47.134+05:30 DEBUG 12858 --- [BlogsBackend] [           main] o.s.data.convert.CustomConversions       : Adding converter from class org.springframework.data.mongodb.core.geo.GeoJsonPoint to class org.bson.Document as writing converter
2024-11-14T11:01:47.134+05:30 DEBUG 12858 --- [BlogsBackend] [           main] o.s.data.convert.CustomConversions       : Adding converter from class org.springframework.data.mongodb.core.geo.GeoJsonPolygon to class org.bson.Document as writing converter
2024-11-14T11:01:47.134+05:30 DEBUG 12858 --- [BlogsBackend] [           main] o.s.data.convert.CustomConversions       : Adding converter from class org.bson.Document to class org.springframework.data.mongodb.core.geo.GeoJsonPoint as reading converter
2024-11-14T11:01:47.135+05:30 DEBUG 12858 --- [BlogsBackend] [           main] o.s.data.convert.CustomConversions       : Adding converter from class org.bson.Document to class org.springframework.data.mongodb.core.geo.GeoJsonPolygon as reading converter
2024-11-14T11:01:47.135+05:30 DEBUG 12858 --- [BlogsBackend] [           main] o.s.data.convert.CustomConversions       : Adding converter from class org.bson.Document to class org.springframework.data.mongodb.core.geo.GeoJsonLineString as reading converter
2024-11-14T11:01:47.135+05:30 DEBUG 12858 --- [BlogsBackend] [           main] o.s.data.convert.CustomConversions       : Adding converter from class org.bson.Document to class org.springframework.data.mongodb.core.geo.GeoJsonMultiLineString as reading converter
2024-11-14T11:01:47.135+05:30 DEBUG 12858 --- [BlogsBackend] [           main] o.s.data.convert.CustomConversions       : Adding converter from class org.bson.Document to class org.springframework.data.mongodb.core.geo.GeoJsonMultiPoint as reading converter
2024-11-14T11:01:47.135+05:30 DEBUG 12858 --- [BlogsBackend] [           main] o.s.data.convert.CustomConversions       : Adding converter from class org.bson.Document to class org.springframework.data.mongodb.core.geo.GeoJsonMultiPolygon as reading converter
2024-11-14T11:01:47.136+05:30 DEBUG 12858 --- [BlogsBackend] [           main] o.s.data.convert.CustomConversions       : Adding converter from class org.bson.Document to class org.springframework.data.mongodb.core.geo.GeoJsonGeometryCollection as reading converter
2024-11-14T11:01:47.136+05:30 DEBUG 12858 --- [BlogsBackend] [           main] o.s.data.convert.CustomConversions       : Adding converter from class org.bson.Document to interface org.springframework.data.mongodb.core.geo.GeoJson as reading converter
2024-11-14T11:01:47.136+05:30 DEBUG 12858 --- [BlogsBackend] [           main] o.s.data.convert.CustomConversions       : Adding converter from class java.util.Date to class java.time.LocalDateTime as reading converter
2024-11-14T11:01:47.137+05:30 DEBUG 12858 --- [BlogsBackend] [           main] o.s.data.convert.CustomConversions       : Adding converter from class java.time.LocalDateTime to class java.util.Date as writing converter
2024-11-14T11:01:47.137+05:30 DEBUG 12858 --- [BlogsBackend] [           main] o.s.data.convert.CustomConversions       : Adding converter from class java.util.Date to class java.time.LocalDate as reading converter
2024-11-14T11:01:47.137+05:30 DEBUG 12858 --- [BlogsBackend] [           main] o.s.data.convert.CustomConversions       : Adding converter from class java.time.LocalDate to class java.util.Date as writing converter
2024-11-14T11:01:47.137+05:30 DEBUG 12858 --- [BlogsBackend] [           main] o.s.data.convert.CustomConversions       : Adding converter from class java.util.Date to class java.time.LocalTime as reading converter
2024-11-14T11:01:47.137+05:30 DEBUG 12858 --- [BlogsBackend] [           main] o.s.data.convert.CustomConversions       : Adding converter from class java.time.LocalTime to class java.util.Date as writing converter
2024-11-14T11:01:47.137+05:30 DEBUG 12858 --- [BlogsBackend] [           main] o.s.data.convert.CustomConversions       : Adding converter from class java.util.Date to class java.time.Instant as reading converter
2024-11-14T11:01:47.138+05:30 DEBUG 12858 --- [BlogsBackend] [           main] o.s.data.convert.CustomConversions       : Adding converter from class java.time.Instant to class java.util.Date as writing converter
2024-11-14T11:01:47.138+05:30 DEBUG 12858 --- [BlogsBackend] [           main] o.s.data.convert.CustomConversions       : Skipping converter from class java.time.LocalDateTime to class java.time.Instant as reading converter class java.time.LocalDateTime is not a store supported simple type
2024-11-14T11:01:47.138+05:30 DEBUG 12858 --- [BlogsBackend] [           main] o.s.data.convert.CustomConversions       : Skipping converter from class java.time.Instant to class java.time.LocalDateTime as reading converter class java.time.Instant is not a store supported simple type
2024-11-14T11:01:47.138+05:30 DEBUG 12858 --- [BlogsBackend] [           main] o.s.data.convert.CustomConversions       : Adding converter from class java.time.ZoneId to class java.lang.String as writing converter
2024-11-14T11:01:47.138+05:30 DEBUG 12858 --- [BlogsBackend] [           main] o.s.data.convert.CustomConversions       : Adding converter from class java.lang.String to class java.time.ZoneId as reading converter
2024-11-14T11:01:47.139+05:30 DEBUG 12858 --- [BlogsBackend] [           main] o.s.data.convert.CustomConversions       : Adding converter from class java.time.Duration to class java.lang.String as writing converter
2024-11-14T11:01:47.139+05:30 DEBUG 12858 --- [BlogsBackend] [           main] o.s.data.convert.CustomConversions       : Adding converter from class java.lang.String to class java.time.Duration as reading converter
2024-11-14T11:01:47.139+05:30 DEBUG 12858 --- [BlogsBackend] [           main] o.s.data.convert.CustomConversions       : Adding converter from class java.time.Period to class java.lang.String as writing converter
2024-11-14T11:01:47.139+05:30 DEBUG 12858 --- [BlogsBackend] [           main] o.s.data.convert.CustomConversions       : Adding converter from class java.lang.String to class java.time.Period as reading converter
2024-11-14T11:01:47.140+05:30 DEBUG 12858 --- [BlogsBackend] [           main] o.s.data.convert.CustomConversions       : Adding converter from class java.lang.String to class java.time.LocalDate as reading converter
2024-11-14T11:01:47.140+05:30 DEBUG 12858 --- [BlogsBackend] [           main] o.s.data.convert.CustomConversions       : Adding converter from class java.lang.String to class java.time.LocalDateTime as reading converter
2024-11-14T11:01:47.140+05:30 DEBUG 12858 --- [BlogsBackend] [           main] o.s.data.convert.CustomConversions       : Adding converter from class java.lang.String to class java.time.Instant as reading converter
2024-11-14T11:01:47.145+05:30 DEBUG 12858 --- [BlogsBackend] [           main] o.s.b.f.s.DefaultListableBeanFactory     : Creating shared instance of singleton bean 'mongoManagedTypes'
2024-11-14T11:01:47.146+05:30 DEBUG 12858 --- [BlogsBackend] [           main] o.s.b.f.s.DefaultListableBeanFactory     : Autowiring by type from bean name 'mongoManagedTypes' via factory method to bean named 'org.springframework.web.context.support.GenericWebApplicationContext@21ca139c'
2024-11-14T11:01:47.157+05:30 DEBUG 12858 --- [BlogsBackend] [           main] ssPathScanningCandidateComponentProvider : Identified candidate component class: file [/home/crest/Desktop/BlogsBackend/target/classes/com/Blogs/Backend/BlogsBackend/Security/entity/Blog.class]
2024-11-14T11:01:47.157+05:30 DEBUG 12858 --- [BlogsBackend] [           main] ssPathScanningCandidateComponentProvider : Identified candidate component class: file [/home/crest/Desktop/BlogsBackend/target/classes/com/Blogs/Backend/BlogsBackend/Security/entity/BlogRequest.class]
2024-11-14T11:01:47.157+05:30 DEBUG 12858 --- [BlogsBackend] [           main] ssPathScanningCandidateComponentProvider : Identified candidate component class: file [/home/crest/Desktop/BlogsBackend/target/classes/com/Blogs/Backend/BlogsBackend/Security/entity/Customer.class]
2024-11-14T11:01:47.158+05:30 DEBUG 12858 --- [BlogsBackend] [           main] ssPathScanningCandidateComponentProvider : Identified candidate component class: file [/home/crest/Desktop/BlogsBackend/target/classes/com/Blogs/Backend/BlogsBackend/Security/entity/Seller.class]
2024-11-14T11:01:47.158+05:30 DEBUG 12858 --- [BlogsBackend] [           main] ssPathScanningCandidateComponentProvider : Identified candidate component class: file [/home/crest/Desktop/BlogsBackend/target/classes/com/Blogs/Backend/BlogsBackend/Security/entity/SellerRequest.class]
2024-11-14T11:01:47.158+05:30 DEBUG 12858 --- [BlogsBackend] [           main] ssPathScanningCandidateComponentProvider : Identified candidate component class: file [/home/crest/Desktop/BlogsBackend/target/classes/com/Blogs/Backend/BlogsBackend/Security/entity/User.class]
2024-11-14T11:01:47.162+05:30 DEBUG 12858 --- [BlogsBackend] [           main] o.s.b.f.s.DefaultListableBeanFactory     : Autowiring by type from bean name 'mongoMappingContext' via factory method to bean named 'spring.data.mongodb-org.springframework.boot.autoconfigure.mongo.MongoProperties'
2024-11-14T11:01:47.162+05:30 DEBUG 12858 --- [BlogsBackend] [           main] o.s.b.f.s.DefaultListableBeanFactory     : Autowiring by type from bean name 'mongoMappingContext' via factory method to bean named 'mongoCustomConversions'
2024-11-14T11:01:47.162+05:30 DEBUG 12858 --- [BlogsBackend] [           main] o.s.b.f.s.DefaultListableBeanFactory     : Autowiring by type from bean name 'mongoMappingContext' via factory method to bean named 'mongoManagedTypes'
2024-11-14T11:01:47.252+05:30 DEBUG 12858 --- [BlogsBackend] [           main] o.s.b.f.s.DefaultListableBeanFactory     : Creating shared instance of singleton bean 'delegatingApplicationListener'
2024-11-14T11:01:47.333+05:30 DEBUG 12858 --- [BlogsBackend] [           main] o.s.b.f.s.DefaultListableBeanFactory     : Autowiring by type from bean name 'mappingMongoConverter' via factory method to bean named 'mongoMappingContext'
2024-11-14T11:01:47.333+05:30 DEBUG 12858 --- [BlogsBackend] [           main] o.s.b.f.s.DefaultListableBeanFactory     : Autowiring by type from bean name 'mappingMongoConverter' via factory method to bean named 'mongoCustomConversions'
2024-11-14T11:01:47.346+05:30 DEBUG 12858 --- [BlogsBackend] [           main] o.s.data.convert.CustomConversions       : Adding converter from class java.lang.Character to class java.lang.String as writing converter
2024-11-14T11:01:47.347+05:30 DEBUG 12858 --- [BlogsBackend] [           main] o.s.data.convert.CustomConversions       : Adding converter from class java.util.Locale to class java.lang.String as writing converter
2024-11-14T11:01:47.347+05:30 DEBUG 12858 --- [BlogsBackend] [           main] o.s.data.convert.CustomConversions       : Adding converter from class java.math.BigDecimal to class java.lang.String as writing converter
2024-11-14T11:01:47.347+05:30 DEBUG 12858 --- [BlogsBackend] [           main] o.s.data.convert.CustomConversions       : Adding converter from class java.math.BigDecimal to class org.bson.types.Decimal128 as writing converter
2024-11-14T11:01:47.347+05:30 DEBUG 12858 --- [BlogsBackend] [           main] o.s.data.convert.CustomConversions       : Adding converter from class java.lang.String to class java.math.BigDecimal as reading converter
2024-11-14T11:01:47.347+05:30 DEBUG 12858 --- [BlogsBackend] [           main] o.s.data.convert.CustomConversions       : Adding converter from class org.bson.types.Decimal128 to class java.math.BigDecimal as reading converter
2024-11-14T11:01:47.348+05:30 DEBUG 12858 --- [BlogsBackend] [           main] o.s.data.convert.CustomConversions       : Adding converter from class java.math.BigInteger to class java.lang.String as writing converter
2024-11-14T11:01:47.348+05:30 DEBUG 12858 --- [BlogsBackend] [           main] o.s.data.convert.CustomConversions       : Adding converter from class java.lang.String to class java.math.BigInteger as reading converter
2024-11-14T11:01:47.348+05:30 DEBUG 12858 --- [BlogsBackend] [           main] o.s.data.convert.CustomConversions       : Adding converter from class java.net.URL to class java.lang.String as writing converter
2024-11-14T11:01:47.348+05:30 DEBUG 12858 --- [BlogsBackend] [           main] o.s.data.convert.CustomConversions       : Adding converter from class java.lang.String to class java.net.URL as reading converter
2024-11-14T11:01:47.348+05:30 DEBUG 12858 --- [BlogsBackend] [           main] o.s.data.convert.CustomConversions       : Adding converter from class org.bson.Document to class java.lang.String as reading converter
2024-11-14T11:01:47.348+05:30 DEBUG 12858 --- [BlogsBackend] [           main] o.s.data.convert.CustomConversions       : Adding converter from class org.springframework.data.mongodb.core.query.Term to class java.lang.String as writing converter
2024-11-14T11:01:47.349+05:30 DEBUG 12858 --- [BlogsBackend] [           main] o.s.data.convert.CustomConversions       : Adding converter from class org.springframework.data.mongodb.core.script.NamedMongoScript to class org.bson.Document as writing converter
2024-11-14T11:01:47.349+05:30 DEBUG 12858 --- [BlogsBackend] [           main] o.s.data.convert.CustomConversions       : Adding converter from class org.bson.Document to class org.springframework.data.mongodb.core.script.NamedMongoScript as reading converter
2024-11-14T11:01:47.349+05:30 DEBUG 12858 --- [BlogsBackend] [           main] o.s.data.convert.CustomConversions       : Adding converter from class java.util.Currency to class java.lang.String as writing converter
2024-11-14T11:01:47.349+05:30 DEBUG 12858 --- [BlogsBackend] [           main] o.s.data.convert.CustomConversions       : Adding converter from class java.lang.String to class java.util.Currency as reading converter
2024-11-14T11:01:47.349+05:30 DEBUG 12858 --- [BlogsBackend] [           main] o.s.data.convert.CustomConversions       : Adding converter from class java.util.concurrent.atomic.AtomicInteger to class java.lang.Integer as writing converter
2024-11-14T11:01:47.349+05:30 DEBUG 12858 --- [BlogsBackend] [           main] o.s.data.convert.CustomConversions       : Adding converter from class java.util.concurrent.atomic.AtomicLong to class java.lang.Long as writing converter
2024-11-14T11:01:47.350+05:30 DEBUG 12858 --- [BlogsBackend] [           main] o.s.data.convert.CustomConversions       : Adding converter from class java.lang.Long to class java.util.concurrent.atomic.AtomicLong as reading converter
2024-11-14T11:01:47.350+05:30 DEBUG 12858 --- [BlogsBackend] [           main] o.s.data.convert.CustomConversions       : Adding converter from class java.lang.Integer to class java.util.concurrent.atomic.AtomicInteger as reading converter
2024-11-14T11:01:47.350+05:30 DEBUG 12858 --- [BlogsBackend] [           main] o.s.data.convert.CustomConversions       : Adding converter from class org.bson.types.Binary to class [B as reading converter
2024-11-14T11:01:47.350+05:30 DEBUG 12858 --- [BlogsBackend] [           main] o.s.data.convert.CustomConversions       : Adding converter from class org.bson.BsonTimestamp to class java.time.Instant as reading converter
2024-11-14T11:01:47.350+05:30 DEBUG 12858 --- [BlogsBackend] [           main] o.s.data.convert.CustomConversions       : Adding converter from class org.bson.BsonUndefined to class java.lang.Object as reading converter
2024-11-14T11:01:47.351+05:30 DEBUG 12858 --- [BlogsBackend] [           main] o.s.data.convert.CustomConversions       : Adding converter from class java.net.URI to class java.lang.String as writing converter
2024-11-14T11:01:47.351+05:30 DEBUG 12858 --- [BlogsBackend] [           main] o.s.data.convert.CustomConversions       : Adding converter from class java.lang.String to class java.net.URI as reading converter
2024-11-14T11:01:47.351+05:30 DEBUG 12858 --- [BlogsBackend] [           main] o.s.data.convert.CustomConversions       : Adding converter from class org.springframework.data.geo.Box to class org.bson.Document as writing converter
2024-11-14T11:01:47.351+05:30 DEBUG 12858 --- [BlogsBackend] [           main] o.s.data.convert.CustomConversions       : Adding converter from class org.springframework.data.geo.Polygon to class org.bson.Document as writing converter
2024-11-14T11:01:47.351+05:30 DEBUG 12858 --- [BlogsBackend] [           main] o.s.data.convert.CustomConversions       : Adding converter from class org.springframework.data.geo.Circle to class org.bson.Document as writing converter
2024-11-14T11:01:47.351+05:30 DEBUG 12858 --- [BlogsBackend] [           main] o.s.data.convert.CustomConversions       : Adding converter from class org.springframework.data.mongodb.core.geo.Sphere to class org.bson.Document as writing converter
2024-11-14T11:01:47.352+05:30 DEBUG 12858 --- [BlogsBackend] [           main] o.s.data.convert.CustomConversions       : Adding converter from class org.bson.Document to class org.springframework.data.geo.Box as reading converter
2024-11-14T11:01:47.352+05:30 DEBUG 12858 --- [BlogsBackend] [           main] o.s.data.convert.CustomConversions       : Adding converter from class org.bson.Document to class org.springframework.data.geo.Polygon as reading converter
2024-11-14T11:01:47.352+05:30 DEBUG 12858 --- [BlogsBackend] [           main] o.s.data.convert.CustomConversions       : Adding converter from class org.bson.Document to class org.springframework.data.geo.Circle as reading converter
2024-11-14T11:01:47.352+05:30 DEBUG 12858 --- [BlogsBackend] [           main] o.s.data.convert.CustomConversions       : Adding converter from class org.bson.Document to class org.springframework.data.mongodb.core.geo.Sphere as reading converter
2024-11-14T11:01:47.352+05:30 DEBUG 12858 --- [BlogsBackend] [           main] o.s.data.convert.CustomConversions       : Adding converter from class org.bson.Document to class org.springframework.data.geo.Point as reading converter
2024-11-14T11:01:47.352+05:30 DEBUG 12858 --- [BlogsBackend] [           main] o.s.data.convert.CustomConversions       : Adding converter from class org.springframework.data.geo.Point to class org.bson.Document as writing converter
2024-11-14T11:01:47.353+05:30 DEBUG 12858 --- [BlogsBackend] [           main] o.s.data.convert.CustomConversions       : Adding converter from class org.springframework.data.mongodb.core.query.GeoCommand to class org.bson.Document as writing converter
2024-11-14T11:01:47.353+05:30 DEBUG 12858 --- [BlogsBackend] [           main] o.s.data.convert.CustomConversions       : Adding converter from interface org.springframework.data.mongodb.core.geo.GeoJson to class org.bson.Document as writing converter
2024-11-14T11:01:47.353+05:30 DEBUG 12858 --- [BlogsBackend] [           main] o.s.data.convert.CustomConversions       : Adding converter from class org.springframework.data.mongodb.core.geo.GeoJsonPoint to class org.bson.Document as writing converter
2024-11-14T11:01:47.353+05:30 DEBUG 12858 --- [BlogsBackend] [           main] o.s.data.convert.CustomConversions       : Adding converter from class org.springframework.data.mongodb.core.geo.GeoJsonPolygon to class org.bson.Document as writing converter
2024-11-14T11:01:47.353+05:30 DEBUG 12858 --- [BlogsBackend] [           main] o.s.data.convert.CustomConversions       : Adding converter from class org.bson.Document to class org.springframework.data.mongodb.core.geo.GeoJsonPoint as reading converter
2024-11-14T11:01:47.353+05:30 DEBUG 12858 --- [BlogsBackend] [           main] o.s.data.convert.CustomConversions       : Adding converter from class org.bson.Document to class org.springframework.data.mongodb.core.geo.GeoJsonPolygon as reading converter
2024-11-14T11:01:47.353+05:30 DEBUG 12858 --- [BlogsBackend] [           main] o.s.data.convert.CustomConversions       : Adding converter from class org.bson.Document to class org.springframework.data.mongodb.core.geo.GeoJsonLineString as reading converter
2024-11-14T11:01:47.354+05:30 DEBUG 12858 --- [BlogsBackend] [           main] o.s.data.convert.CustomConversions       : Adding converter from class org.bson.Document to class org.springframework.data.mongodb.core.geo.GeoJsonMultiLineString as reading converter
2024-11-14T11:01:47.354+05:30 DEBUG 12858 --- [BlogsBackend] [           main] o.s.data.convert.CustomConversions       : Adding converter from class org.bson.Document to class org.springframework.data.mongodb.core.geo.GeoJsonMultiPoint as reading converter
2024-11-14T11:01:47.354+05:30 DEBUG 12858 --- [BlogsBackend] [           main] o.s.data.convert.CustomConversions       : Adding converter from class org.bson.Document to class org.springframework.data.mongodb.core.geo.GeoJsonMultiPolygon as reading converter
2024-11-14T11:01:47.354+05:30 DEBUG 12858 --- [BlogsBackend] [           main] o.s.data.convert.CustomConversions       : Adding converter from class org.bson.Document to class org.springframework.data.mongodb.core.geo.GeoJsonGeometryCollection as reading converter
2024-11-14T11:01:47.354+05:30 DEBUG 12858 --- [BlogsBackend] [           main] o.s.data.convert.CustomConversions       : Adding converter from class org.bson.Document to interface org.springframework.data.mongodb.core.geo.GeoJson as reading converter
2024-11-14T11:01:47.354+05:30 DEBUG 12858 --- [BlogsBackend] [           main] o.s.data.convert.CustomConversions       : Adding converter from class java.util.Date to class java.time.LocalDateTime as reading converter
2024-11-14T11:01:47.355+05:30 DEBUG 12858 --- [BlogsBackend] [           main] o.s.data.convert.CustomConversions       : Adding converter from class java.time.LocalDateTime to class java.util.Date as writing converter
2024-11-14T11:01:47.355+05:30 DEBUG 12858 --- [BlogsBackend] [           main] o.s.data.convert.CustomConversions       : Adding converter from class java.util.Date to class java.time.LocalDate as reading converter
2024-11-14T11:01:47.355+05:30 DEBUG 12858 --- [BlogsBackend] [           main] o.s.data.convert.CustomConversions       : Adding converter from class java.time.LocalDate to class java.util.Date as writing converter
2024-11-14T11:01:47.355+05:30 DEBUG 12858 --- [BlogsBackend] [           main] o.s.data.convert.CustomConversions       : Adding converter from class java.util.Date to class java.time.LocalTime as reading converter
2024-11-14T11:01:47.355+05:30 DEBUG 12858 --- [BlogsBackend] [           main] o.s.data.convert.CustomConversions       : Adding converter from class java.time.LocalTime to class java.util.Date as writing converter
2024-11-14T11:01:47.355+05:30 DEBUG 12858 --- [BlogsBackend] [           main] o.s.data.convert.CustomConversions       : Adding converter from class java.util.Date to class java.time.Instant as reading converter
2024-11-14T11:01:47.356+05:30 DEBUG 12858 --- [BlogsBackend] [           main] o.s.data.convert.CustomConversions       : Adding converter from class java.time.Instant to class java.util.Date as writing converter
2024-11-14T11:01:47.356+05:30 DEBUG 12858 --- [BlogsBackend] [           main] o.s.data.convert.CustomConversions       : Skipping converter from class java.time.LocalDateTime to class java.time.Instant as reading converter class java.time.LocalDateTime is not a store supported simple type
2024-11-14T11:01:47.356+05:30 DEBUG 12858 --- [BlogsBackend] [           main] o.s.data.convert.CustomConversions       : Skipping converter from class java.time.Instant to class java.time.LocalDateTime as reading converter class java.time.Instant is not a store supported simple type
2024-11-14T11:01:47.356+05:30 DEBUG 12858 --- [BlogsBackend] [           main] o.s.data.convert.CustomConversions       : Adding converter from class java.time.ZoneId to class java.lang.String as writing converter
2024-11-14T11:01:47.356+05:30 DEBUG 12858 --- [BlogsBackend] [           main] o.s.data.convert.CustomConversions       : Adding converter from class java.lang.String to class java.time.ZoneId as reading converter
2024-11-14T11:01:47.356+05:30 DEBUG 12858 --- [BlogsBackend] [           main] o.s.data.convert.CustomConversions       : Adding converter from class java.time.Duration to class java.lang.String as writing converter
2024-11-14T11:01:47.356+05:30 DEBUG 12858 --- [BlogsBackend] [           main] o.s.data.convert.CustomConversions       : Adding converter from class java.lang.String to class java.time.Duration as reading converter
2024-11-14T11:01:47.357+05:30 DEBUG 12858 --- [BlogsBackend] [           main] o.s.data.convert.CustomConversions       : Adding converter from class java.time.Period to class java.lang.String as writing converter
2024-11-14T11:01:47.357+05:30 DEBUG 12858 --- [BlogsBackend] [           main] o.s.data.convert.CustomConversions       : Adding converter from class java.lang.String to class java.time.Period as reading converter
2024-11-14T11:01:47.357+05:30 DEBUG 12858 --- [BlogsBackend] [           main] o.s.data.convert.CustomConversions       : Adding converter from class java.lang.String to class java.time.LocalDate as reading converter
2024-11-14T11:01:47.357+05:30 DEBUG 12858 --- [BlogsBackend] [           main] o.s.data.convert.CustomConversions       : Adding converter from class java.lang.String to class java.time.LocalDateTime as reading converter
2024-11-14T11:01:47.357+05:30 DEBUG 12858 --- [BlogsBackend] [           main] o.s.data.convert.CustomConversions       : Adding converter from class java.lang.String to class java.time.Instant as reading converter
2024-11-14T11:01:47.451+05:30 DEBUG 12858 --- [BlogsBackend] [           main] o.s.b.f.s.DefaultListableBeanFactory     : Autowiring by type from bean name 'mongoTemplate' via factory method to bean named 'mongoDatabaseFactory'
2024-11-14T11:01:47.452+05:30 DEBUG 12858 --- [BlogsBackend] [           main] o.s.b.f.s.DefaultListableBeanFactory     : Autowiring by type from bean name 'mongoTemplate' via factory method to bean named 'mappingMongoConverter'
2024-11-14T11:01:47.662+05:30 DEBUG 12858 --- [BlogsBackend] [           main] o.s.d.r.c.s.RepositoryFactorySupport     : Initializing repository instance for com.Blogs.Backend.BlogsBackend.Security.repository.UserDetailsRepository…
2024-11-14T11:01:47.797+05:30 DEBUG 12858 --- [BlogsBackend] [           main] o.s.d.r.c.s.RepositoryFactorySupport     : Finished creation of repository instance for com.Blogs.Backend.BlogsBackend.Security.repository.UserDetailsRepository.
2024-11-14T11:01:47.825+05:30 DEBUG 12858 --- [BlogsBackend] [           main] o.s.b.f.s.DefaultListableBeanFactory     : Creating shared instance of singleton bean 'jwtAuthFilter'
2024-11-14T11:01:47.829+05:30 DEBUG 12858 --- [BlogsBackend] [           main] o.s.b.f.s.DefaultListableBeanFactory     : Creating shared instance of singleton bean 'jwtService'
2024-11-14T11:01:47.844+05:30 DEBUG 12858 --- [BlogsBackend] [           main] o.s.b.f.s.DefaultListableBeanFactory     : Creating shared instance of singleton bean 'threadPoolConfig'
2024-11-14T11:01:47.847+05:30 DEBUG 12858 --- [BlogsBackend] [           main] o.s.b.f.s.DefaultListableBeanFactory     : Creating shared instance of singleton bean 'adminController'
2024-11-14T11:01:47.856+05:30 DEBUG 12858 --- [BlogsBackend] [           main] o.s.b.f.s.DefaultListableBeanFactory     : Creating shared instance of singleton bean 'adminService'
2024-11-14T11:01:47.858+05:30 DEBUG 12858 --- [BlogsBackend] [           main] o.s.b.f.s.DefaultListableBeanFactory     : Creating shared instance of singleton bean 'sellerRequestRepository'
2024-11-14T11:01:47.859+05:30 DEBUG 12858 --- [BlogsBackend] [           main] o.s.b.f.s.DefaultListableBeanFactory     : Creating shared instance of singleton bean 'mongo.named-queries#2'
2024-11-14T11:01:47.864+05:30 DEBUG 12858 --- [BlogsBackend] [           main] o.s.b.f.s.DefaultListableBeanFactory     : Creating shared instance of singleton bean 'mongodb.SellerRequestRepository.fragments#0'
2024-11-14T11:01:47.871+05:30 DEBUG 12858 --- [BlogsBackend] [           main] o.s.d.r.c.s.RepositoryFactorySupport     : Initializing repository instance for com.Blogs.Backend.BlogsBackend.Security.repository.SellerRequestRepository…
2024-11-14T11:01:47.909+05:30 DEBUG 12858 --- [BlogsBackend] [           main] o.s.d.r.c.s.RepositoryFactorySupport     : Finished creation of repository instance for com.Blogs.Backend.BlogsBackend.Security.repository.SellerRequestRepository.
2024-11-14T11:01:47.924+05:30 DEBUG 12858 --- [BlogsBackend] [           main] o.s.b.f.s.DefaultListableBeanFactory     : Creating shared instance of singleton bean 'userRepository'
2024-11-14T11:01:47.925+05:30 DEBUG 12858 --- [BlogsBackend] [           main] o.s.b.f.s.DefaultListableBeanFactory     : Creating shared instance of singleton bean 'mongo.named-queries#4'
2024-11-14T11:01:47.929+05:30 DEBUG 12858 --- [BlogsBackend] [           main] o.s.b.f.s.DefaultListableBeanFactory     : Creating shared instance of singleton bean 'mongodb.UserRepository.fragments#0'
2024-11-14T11:01:47.936+05:30 DEBUG 12858 --- [BlogsBackend] [           main] o.s.d.r.c.s.RepositoryFactorySupport     : Initializing repository instance for com.Blogs.Backend.BlogsBackend.Security.repository.UserRepository…
2024-11-14T11:01:47.958+05:30 DEBUG 12858 --- [BlogsBackend] [           main] o.s.d.r.c.s.RepositoryFactorySupport     : Finished creation of repository instance for com.Blogs.Backend.BlogsBackend.Security.repository.UserRepository.
2024-11-14T11:01:47.973+05:30 DEBUG 12858 --- [BlogsBackend] [           main] o.s.b.f.s.DefaultListableBeanFactory     : Creating shared instance of singleton bean 'sellerRepository'
2024-11-14T11:01:47.974+05:30 DEBUG 12858 --- [BlogsBackend] [           main] o.s.b.f.s.DefaultListableBeanFactory     : Creating shared instance of singleton bean 'mongo.named-queries#7'
2024-11-14T11:01:47.978+05:30 DEBUG 12858 --- [BlogsBackend] [           main] o.s.b.f.s.DefaultListableBeanFactory     : Creating shared instance of singleton bean 'mongodb.SellerRepository.fragments#0'
2024-11-14T11:01:47.985+05:30 DEBUG 12858 --- [BlogsBackend] [           main] o.s.d.r.c.s.RepositoryFactorySupport     : Initializing repository instance for com.Blogs.Backend.BlogsBackend.Security.repository.SellerRepository…
2024-11-14T11:01:48.005+05:30 DEBUG 12858 --- [BlogsBackend] [           main] o.s.d.r.c.s.RepositoryFactorySupport     : Finished creation of repository instance for com.Blogs.Backend.BlogsBackend.Security.repository.SellerRepository.
2024-11-14T11:01:48.018+05:30 DEBUG 12858 --- [BlogsBackend] [           main] o.s.b.f.s.DefaultListableBeanFactory     : Creating shared instance of singleton bean 'rejectedSellerRequestRepository'
2024-11-14T11:01:48.019+05:30 DEBUG 12858 --- [BlogsBackend] [           main] o.s.b.f.s.DefaultListableBeanFactory     : Creating shared instance of singleton bean 'mongo.named-queries#0'
2024-11-14T11:01:48.023+05:30 DEBUG 12858 --- [BlogsBackend] [           main] o.s.b.f.s.DefaultListableBeanFactory     : Creating shared instance of singleton bean 'mongodb.RejectedSellerRequestRepository.fragments#0'
2024-11-14T11:01:48.029+05:30 DEBUG 12858 --- [BlogsBackend] [           main] o.s.d.r.c.s.RepositoryFactorySupport     : Initializing repository instance for com.Blogs.Backend.BlogsBackend.Security.repository.RejectedSellerRequestRepository…
2024-11-14T11:01:48.059+05:30 DEBUG 12858 --- [BlogsBackend] [           main] o.s.d.r.c.s.RepositoryFactorySupport     : Finished creation of repository instance for com.Blogs.Backend.BlogsBackend.Security.repository.RejectedSellerRequestRepository.
2024-11-14T11:01:48.071+05:30 DEBUG 12858 --- [BlogsBackend] [           main] o.s.b.f.s.DefaultListableBeanFactory     : Creating shared instance of singleton bean 'customerController'
2024-11-14T11:01:48.073+05:30 DEBUG 12858 --- [BlogsBackend] [           main] o.s.b.f.s.DefaultListableBeanFactory     : Creating shared instance of singleton bean 'blogService'
2024-11-14T11:01:48.074+05:30 DEBUG 12858 --- [BlogsBackend] [           main] o.s.b.f.s.DefaultListableBeanFactory     : Creating shared instance of singleton bean 'blogRepository'
2024-11-14T11:01:48.075+05:30 DEBUG 12858 --- [BlogsBackend] [           main] o.s.b.f.s.DefaultListableBeanFactory     : Creating shared instance of singleton bean 'mongo.named-queries#6'
2024-11-14T11:01:48.077+05:30 DEBUG 12858 --- [BlogsBackend] [           main] o.s.b.f.s.DefaultListableBeanFactory     : Creating shared instance of singleton bean 'mongodb.BlogRepository.fragments#0'
2024-11-14T11:01:48.080+05:30 DEBUG 12858 --- [BlogsBackend] [           main] o.s.d.r.c.s.RepositoryFactorySupport     : Initializing repository instance for com.Blogs.Backend.BlogsBackend.Security.repository.BlogRepository…
2024-11-14T11:01:48.088+05:30 DEBUG 12858 --- [BlogsBackend] [           main] o.s.d.r.c.s.RepositoryFactorySupport     : Finished creation of repository instance for com.Blogs.Backend.BlogsBackend.Security.repository.BlogRepository.
2024-11-14T11:01:48.096+05:30 DEBUG 12858 --- [BlogsBackend] [           main] o.s.b.f.s.DefaultListableBeanFactory     : Creating shared instance of singleton bean 'sellerController'
2024-11-14T11:01:48.101+05:30 DEBUG 12858 --- [BlogsBackend] [           main] o.s.b.f.s.DefaultListableBeanFactory     : Creating shared instance of singleton bean 'sellerService'
2024-11-14T11:01:48.103+05:30 DEBUG 12858 --- [BlogsBackend] [           main] o.s.b.f.s.DefaultListableBeanFactory     : Creating shared instance of singleton bean 'blogRequestRepository'
2024-11-14T11:01:48.103+05:30 DEBUG 12858 --- [BlogsBackend] [           main] o.s.b.f.s.DefaultListableBeanFactory     : Creating shared instance of singleton bean 'mongo.named-queries#3'
2024-11-14T11:01:48.106+05:30 DEBUG 12858 --- [BlogsBackend] [           main] o.s.b.f.s.DefaultListableBeanFactory     : Creating shared instance of singleton bean 'mongodb.BlogRequestRepository.fragments#0'
2024-11-14T11:01:48.109+05:30 DEBUG 12858 --- [BlogsBackend] [           main] o.s.d.r.c.s.RepositoryFactorySupport     : Initializing repository instance for com.Blogs.Backend.BlogsBackend.Security.repository.BlogRequestRepository…
2024-11-14T11:01:48.118+05:30 DEBUG 12858 --- [BlogsBackend] [           main] o.s.d.r.c.s.RepositoryFactorySupport     : Finished creation of repository instance for com.Blogs.Backend.BlogsBackend.Security.repository.BlogRequestRepository.
2024-11-14T11:01:48.126+05:30 DEBUG 12858 --- [BlogsBackend] [           main] o.s.b.f.s.DefaultListableBeanFactory     : Creating shared instance of singleton bean 'userController'
2024-11-14T11:01:48.128+05:30 DEBUG 12858 --- [BlogsBackend] [           main] o.s.b.f.s.DefaultListableBeanFactory     : Creating shared instance of singleton bean 'userService'
2024-11-14T11:01:48.133+05:30 DEBUG 12858 --- [BlogsBackend] [           main] o.s.b.f.s.DefaultListableBeanFactory     : Creating shared instance of singleton bean 'authenticationManager'
2024-11-14T11:01:48.135+05:30 DEBUG 12858 --- [BlogsBackend] [           main] o.s.b.f.s.DefaultListableBeanFactory     : Creating shared instance of singleton bean 'org.springframework.security.config.annotation.authentication.configuration.AuthenticationConfiguration'
2024-11-14T11:01:48.139+05:30 DEBUG 12858 --- [BlogsBackend] [           main] o.s.b.f.s.DefaultListableBeanFactory     : Creating shared instance of singleton bean 'enableGlobalAuthenticationAutowiredConfigurer'
2024-11-14T11:01:48.140+05:30 DEBUG 12858 --- [BlogsBackend] [           main] o.s.b.f.s.DefaultListableBeanFactory     : Autowiring by type from bean name 'enableGlobalAuthenticationAutowiredConfigurer' via factory method to bean named 'org.springframework.web.context.support.GenericWebApplicationContext@21ca139c'
2024-11-14T11:01:48.142+05:30 DEBUG 12858 --- [BlogsBackend] [           main] o.s.b.f.s.DefaultListableBeanFactory     : Creating shared instance of singleton bean 'initializeUserDetailsBeanManagerConfigurer'
2024-11-14T11:01:48.143+05:30 DEBUG 12858 --- [BlogsBackend] [           main] o.s.b.f.s.DefaultListableBeanFactory     : Autowiring by type from bean name 'initializeUserDetailsBeanManagerConfigurer' via factory method to bean named 'org.springframework.web.context.support.GenericWebApplicationContext@21ca139c'
2024-11-14T11:01:48.146+05:30 DEBUG 12858 --- [BlogsBackend] [           main] o.s.b.f.s.DefaultListableBeanFactory     : Creating shared instance of singleton bean 'initializeAuthenticationProviderBeanManagerConfigurer'
2024-11-14T11:01:48.146+05:30 DEBUG 12858 --- [BlogsBackend] [           main] o.s.b.f.s.DefaultListableBeanFactory     : Autowiring by type from bean name 'initializeAuthenticationProviderBeanManagerConfigurer' via factory method to bean named 'org.springframework.web.context.support.GenericWebApplicationContext@21ca139c'
2024-11-14T11:01:48.151+05:30 DEBUG 12858 --- [BlogsBackend] [           main] o.s.b.f.s.DefaultListableBeanFactory     : Creating shared instance of singleton bean 'objectPostProcessor'
2024-11-14T11:01:48.152+05:30 DEBUG 12858 --- [BlogsBackend] [           main] o.s.b.f.s.DefaultListableBeanFactory     : Creating shared instance of singleton bean 'org.springframework.security.config.annotation.configuration.ObjectPostProcessorConfiguration'
2024-11-14T11:01:48.154+05:30 DEBUG 12858 --- [BlogsBackend] [           main] o.s.b.f.s.DefaultListableBeanFactory     : Autowiring by type from bean name 'objectPostProcessor' via factory method to bean named 'org.springframework.beans.factory.support.DefaultListableBeanFactory@3ecedf21'
2024-11-14T11:01:48.158+05:30 DEBUG 12858 --- [BlogsBackend] [           main] o.s.b.f.s.DefaultListableBeanFactory     : Autowiring by type from bean name 'authenticationManager' via factory method to bean named 'org.springframework.security.config.annotation.authentication.configuration.AuthenticationConfiguration'
2024-11-14T11:01:48.160+05:30 DEBUG 12858 --- [BlogsBackend] [           main] o.s.b.f.s.DefaultListableBeanFactory     : Creating shared instance of singleton bean 'authenticationManagerBuilder'
2024-11-14T11:01:48.161+05:30 DEBUG 12858 --- [BlogsBackend] [           main] o.s.b.f.s.DefaultListableBeanFactory     : Autowiring by type from bean name 'authenticationManagerBuilder' via factory method to bean named 'objectPostProcessor'
[...]

   ReactorAutoConfiguration:
      Did not match:
         - @ConditionalOnClass did not find required class 'reactor.core.publisher.Hooks' (OnClassCondition)

   RedisAutoConfiguration:
      Did not match:
         - @ConditionalOnClass did not find required class 'org.springframework.data.redis.core.RedisOperations' (OnClassCondition)

   RedisCacheConfiguration:
      Did not match:
         - @ConditionalOnClass did not find required class 'org.springframework.data.redis.connection.RedisConnectionFactory' (OnClassCondition)

   RedisReactiveAutoConfiguration:
      Did not match:
         - @ConditionalOnClass did not find required class 'reactor.core.publisher.Flux' (OnClassCondition)

   RedisRepositoriesAutoConfiguration:
      Did not match:
         - @ConditionalOnClass did not find required class 'org.springframework.data.redis.repository.configuration.EnableRedisRepositories' (OnClassCondition)

   RepositoryRestMvcAutoConfiguration:
      Did not match:
         - @ConditionalOnClass did not find required class 'org.springframework.data.rest.webmvc.config.RepositoryRestMvcConfiguration' (OnClassCondition)

   Saml2RelyingPartyAutoConfiguration:
      Did not match:
         - @ConditionalOnClass did not find required class 'org.springframework.security.saml2.provider.service.registration.RelyingPartyRegistrationRepository' (OnClassCondition)

   SecurityDataConfiguration:
      Did not match:
         - @ConditionalOnClass did not find required class 'org.springframework.security.data.repository.query.SecurityEvaluationContextExtension' (OnClassCondition)

   SendGridAutoConfiguration:
      Did not match:
         - @ConditionalOnClass did not find required class 'com.sendgrid.SendGrid' (OnClassCondition)

   ServletWebServerFactoryAutoConfiguration.ForwardedHeaderFilterConfiguration:
      Did not match:
         - @ConditionalOnProperty (server.forward-headers-strategy=framework) did not find property 'server.forward-headers-strategy' (OnPropertyCondition)

   ServletWebServerFactoryConfiguration.EmbeddedJetty:
      Did not match:
         - @ConditionalOnClass did not find required classes 'org.eclipse.jetty.server.Server', 'org.eclipse.jetty.util.Loader', 'org.eclipse.jetty.ee10.webapp.WebAppContext' (OnClassCondition)

   ServletWebServerFactoryConfiguration.EmbeddedUndertow:
      Did not match:
         - @ConditionalOnClass did not find required classes 'io.undertow.Undertow', 'org.xnio.SslClientAuthMode' (OnClassCondition)

   SessionAutoConfiguration:
      Did not match:
         - @ConditionalOnClass did not find required class 'org.springframework.session.Session' (OnClassCondition)

   SpringApplicationAdminJmxAutoConfiguration:
      Did not match:
         - @ConditionalOnProperty (spring.application.admin.enabled=true) did not find property 'enabled' (OnPropertyCondition)

   SpringBootWebSecurityConfiguration.SecurityFilterChainConfiguration:
      Did not match:
         - AllNestedConditions 1 matched 1 did not; NestedCondition on DefaultWebSecurityCondition.Beans @ConditionalOnMissingBean (types: org.springframework.security.web.SecurityFilterChain; SearchStrategy: all) found beans of type 'org.springframework.security.web.SecurityFilterChain' securityFilterChain; NestedCondition on DefaultWebSecurityCondition.Classes @ConditionalOnClass found required classes 'org.springframework.security.web.SecurityFilterChain', 'org.springframework.security.config.annotation.web.builders.HttpSecurity' (DefaultWebSecurityCondition)

   SpringBootWebSecurityConfiguration.WebSecurityEnablerConfiguration:
      Did not match:
         - @ConditionalOnMissingBean (names: springSecurityFilterChain; SearchStrategy: all) found beans named springSecurityFilterChain (OnBeanCondition)
      Matched:
         - @ConditionalOnClass found required class 'org.springframework.security.config.annotation.web.configuration.EnableWebSecurity' (OnClassCondition)

   TaskExecutorConfigurations.SimpleAsyncTaskExecutorBuilderConfiguration#simpleAsyncTaskExecutorBuilderVirtualThreads:
      Did not match:
         - @ConditionalOnMissingBean (types: org.springframework.boot.task.SimpleAsyncTaskExecutorBuilder; SearchStrategy: all) found beans of type 'org.springframework.boot.task.SimpleAsyncTaskExecutorBuilder' simpleAsyncTaskExecutorBuilder (OnBeanCondition)

   TaskExecutorConfigurations.TaskExecutorConfiguration:
      Did not match:
         - @ConditionalOnMissingBean (types: java.util.concurrent.Executor; SearchStrategy: all) found beans of type 'java.util.concurrent.Executor' taskExecutor (OnBeanCondition)

   TaskSchedulingAutoConfiguration#scheduledBeanLazyInitializationExcludeFilter:
      Did not match:
         - @ConditionalOnBean (names: org.springframework.context.annotation.internalScheduledAnnotationProcessor; SearchStrategy: all) did not find any beans named org.springframework.context.annotation.internalScheduledAnnotationProcessor (OnBeanCondition)

   TaskSchedulingConfigurations.SimpleAsyncTaskSchedulerBuilderConfiguration#simpleAsyncTaskSchedulerBuilderVirtualThreads:
      Did not match:
         - @ConditionalOnMissingBean (types: org.springframework.boot.task.SimpleAsyncTaskSchedulerBuilder; SearchStrategy: all) found beans of type 'org.springframework.boot.task.SimpleAsyncTaskSchedulerBuilder' simpleAsyncTaskSchedulerBuilder (OnBeanCondition)

   TaskSchedulingConfigurations.TaskSchedulerConfiguration:
      Did not match:
         - @ConditionalOnBean (names: org.springframework.context.annotation.internalScheduledAnnotationProcessor; SearchStrategy: all) did not find any beans named org.springframework.context.annotation.internalScheduledAnnotationProcessor (OnBeanCondition)

   ThymeleafAutoConfiguration:
      Did not match:
         - @ConditionalOnClass did not find required class 'org.thymeleaf.spring6.SpringTemplateEngine' (OnClassCondition)

   TransactionAutoConfiguration#transactionalOperator:
      Did not match:
         - @ConditionalOnSingleCandidate (types: org.springframework.transaction.ReactiveTransactionManager; SearchStrategy: all) did not find any beans (OnBeanCondition)

   TransactionAutoConfiguration.AspectJTransactionManagementConfiguration:
      Did not match:
         - @ConditionalOnBean (types: org.springframework.transaction.aspectj.AbstractTransactionAspect; SearchStrategy: all) did not find any beans of type org.springframework.transaction.aspectj.AbstractTransactionAspect (OnBeanCondition)

   TransactionAutoConfiguration.EnableTransactionManagementConfiguration:
      Did not match:
         - @ConditionalOnBean (types: org.springframework.transaction.TransactionManager; SearchStrategy: all) did not find any beans of type org.springframework.transaction.TransactionManager (OnBeanCondition)

   TransactionAutoConfiguration.EnableTransactionManagementConfiguration.CglibAutoProxyConfiguration:
      Did not match:
         - Ancestor org.springframework.boot.autoconfigure.transaction.TransactionAutoConfiguration$EnableTransactionManagementConfiguration did not match (ConditionEvaluationReport.AncestorsMatchedCondition)
      Matched:
         - @ConditionalOnProperty (spring.aop.proxy-target-class=true) matched (OnPropertyCondition)

   TransactionAutoConfiguration.EnableTransactionManagementConfiguration.JdkDynamicAutoProxyConfiguration:
      Did not match:
         - @ConditionalOnProperty (spring.aop.proxy-target-class=false) did not find property 'proxy-target-class' (OnPropertyCondition)
         - Ancestor org.springframework.boot.autoconfigure.transaction.TransactionAutoConfiguration$EnableTransactionManagementConfiguration did not match (ConditionEvaluationReport.AncestorsMatchedCondition)

   TransactionAutoConfiguration.TransactionTemplateConfiguration:
      Did not match:
         - @ConditionalOnSingleCandidate (types: org.springframework.transaction.PlatformTransactionManager; SearchStrategy: all) did not find any beans (OnBeanCondition)

   UserDetailsServiceAutoConfiguration:
      Did not match:
         - @ConditionalOnMissingBean (types: org.springframework.security.authentication.AuthenticationManager,org.springframework.security.authentication.AuthenticationProvider,org.springframework.security.core.userdetails.UserDetailsService,org.springframework.security.authentication.AuthenticationManagerResolver,org.springframework.security.oauth2.jwt.JwtDecoder; SearchStrategy: all) found beans of type 'org.springframework.security.authentication.AuthenticationManager' authenticationManager and found beans of type 'org.springframework.security.core.userdetails.UserDetailsService' myUserService and found beans of type 'org.springframework.security.authentication.AuthenticationProvider' authenticationProvider (OnBeanCondition)
      Matched:
         - @ConditionalOnClass found required class 'org.springframework.security.authentication.AuthenticationManager' (OnClassCondition)
         - AnyNestedCondition 1 matched 2 did not; NestedCondition on UserDetailsServiceAutoConfiguration.MissingAlternativeOrUserPropertiesConfigured.PasswordConfigured @ConditionalOnProperty (spring.security.user.password) did not find property 'password'; NestedCondition on UserDetailsServiceAutoConfiguration.MissingAlternativeOrUserPropertiesConfigured.NameConfigured @ConditionalOnProperty (spring.security.user.name) did not find property 'name'; NestedCondition on UserDetailsServiceAutoConfiguration.MissingAlternativeOrUserPropertiesConfigured.MissingAlternative @ConditionalOnMissingClass did not find unwanted classes 'org.springframework.security.oauth2.client.registration.ClientRegistrationRepository', 'org.springframework.security.oauth2.server.resource.introspection.OpaqueTokenIntrospector', 'org.springframework.security.saml2.provider.service.registration.RelyingPartyRegistrationRepository' (UserDetailsServiceAutoConfiguration.MissingAlternativeOrUserPropertiesConfigured)

   ValidationAutoConfiguration:
      Did not match:
         - @ConditionalOnClass did not find required class 'jakarta.validation.executable.ExecutableValidator' (OnClassCondition)

   WebClientAutoConfiguration:
      Did not match:
         - @ConditionalOnClass did not find required class 'org.springframework.web.reactive.function.client.WebClient' (OnClassCondition)

   WebFluxAutoConfiguration:
      Did not match:
         - @ConditionalOnClass did not find required class 'org.springframework.web.reactive.config.WebFluxConfigurer' (OnClassCondition)

   WebMvcAutoConfiguration#hiddenHttpMethodFilter:
      Did not match:
         - @ConditionalOnProperty (spring.mvc.hiddenmethod.filter.enabled) did not find property 'enabled' (OnPropertyCondition)

   WebMvcAutoConfiguration.ProblemDetailsErrorHandlingConfiguration:
      Did not match:
         - @ConditionalOnProperty (spring.mvc.problemdetails.enabled=true) did not find property 'enabled' (OnPropertyCondition)

   WebMvcAutoConfiguration.ResourceChainCustomizerConfiguration:
      Did not match:
         - @ConditionalOnEnabledResourceChain did not find class org.webjars.WebJarAssetLocator (OnEnabledResourceChainCondition)

   WebMvcAutoConfiguration.WebMvcAutoConfigurationAdapter#beanNameViewResolver:
      Did not match:
         - @ConditionalOnMissingBean (types: org.springframework.web.servlet.view.BeanNameViewResolver; SearchStrategy: all) found beans of type 'org.springframework.web.servlet.view.BeanNameViewResolver' beanNameViewResolver (OnBeanCondition)

   WebServiceTemplateAutoConfiguration:
      Did not match:
         - @ConditionalOnClass did not find required class 'org.springframework.oxm.Marshaller' (OnClassCondition)

   WebServicesAutoConfiguration:
      Did not match:
         - @ConditionalOnClass did not find required class 'org.springframework.ws.transport.http.MessageDispatcherServlet' (OnClassCondition)

   WebSessionIdResolverAutoConfiguration:
      Did not match:
         - @ConditionalOnClass did not find required class 'reactor.core.publisher.Mono' (OnClassCondition)

   WebSocketMessagingAutoConfiguration:
      Did not match:
         - @ConditionalOnClass did not find required class 'org.springframework.web.socket.config.annotation.WebSocketMessageBrokerConfigurer' (OnClassCondition)

   WebSocketReactiveAutoConfiguration:
      Did not match:
         - @ConditionalOnWebApplication did not find reactive web application classes (OnWebApplicationCondition)

   WebSocketServletAutoConfiguration.JettyWebSocketConfiguration:
      Did not match:
         - @ConditionalOnClass did not find required class 'org.eclipse.jetty.ee10.websocket.jakarta.server.config.JakartaWebSocketServletContainerInitializer' (OnClassCondition)

   WebSocketServletAutoConfiguration.UndertowWebSocketConfiguration:
      Did not match:
         - @ConditionalOnClass did not find required class 'io.undertow.websockets.jsr.Bootstrap' (OnClassCondition)

   XADataSourceAutoConfiguration:
      Did not match:
         - @ConditionalOnBean (types: org.springframework.boot.jdbc.XADataSourceWrapper; SearchStrategy: all) did not find any beans of type org.springframework.boot.jdbc.XADataSourceWrapper (OnBeanCondition)
      Matched:
         - @ConditionalOnClass found required classes 'javax.sql.DataSource', 'jakarta.transaction.TransactionManager', 'org.springframework.jdbc.datasource.embedded.EmbeddedDatabaseType' (OnClassCondition)


Exclusions:
-----------

    org.springframework.boot.autoconfigure.jdbc.DataSourceAutoConfiguration


Unconditional classes:
----------------------

    org.springframework.boot.autoconfigure.context.ConfigurationPropertiesAutoConfiguration

    org.springframework.boot.autoconfigure.ssl.SslAutoConfiguration

    org.springframework.boot.autoconfigure.context.LifecycleAutoConfiguration

    org.springframework.boot.autoconfigure.context.PropertyPlaceholderAutoConfiguration

    org.springframework.boot.autoconfigure.availability.ApplicationAvailabilityAutoConfiguration

    org.springframework.boot.autoconfigure.info.ProjectInfoAutoConfiguration



2024-11-14T11:01:49.679+05:30  INFO 12858 --- [BlogsBackend] [           main] c.B.B.B.BlogsBackendApplicationTests     : Started BlogsBackendApplicationTests in 5.657 seconds (process running for 7.329)
2024-11-14T11:01:49.681+05:30 DEBUG 12858 --- [BlogsBackend] [           main] o.s.b.a.ApplicationAvailabilityBean      : Application availability state LivenessState changed to CORRECT
2024-11-14T11:01:49.686+05:30 DEBUG 12858 --- [BlogsBackend] [           main] o.s.b.a.ApplicationAvailabilityBean      : Application availability state ReadinessState changed to ACCEPTING_TRAFFIC
2024-11-14T11:01:49.690+05:30 DEBUG 12858 --- [BlogsBackend] [           main] org.springframework.test.context.cache   : Spring test ApplicationContext cache statistics: [DefaultContextCache@30c8c6ab size = 1, maxSize = 32, parentContextCount = 0, hitCount = 0, missCount = 1, failureCount = 0]
2024-11-14T11:01:49.691+05:30 DEBUG 12858 --- [BlogsBackend] [           main] o.s.t.c.w.ServletTestExecutionListener   : Setting up MockHttpServletRequest, MockHttpServletResponse, ServletWebRequest, and RequestContextHolder for test class com.Blogs.Backend.BlogsBackend.BlogsBackendApplicationTests
2024-11-14T11:01:49.706+05:30 DEBUG 12858 --- [BlogsBackend] [           main] DependencyInjectionTestExecutionListener : Performing dependency injection for test class com.Blogs.Backend.BlogsBackend.BlogsBackendApplicationTests
2024-11-14T11:01:49.707+05:30 DEBUG 12858 --- [BlogsBackend] [           main] org.springframework.test.context.cache   : Spring test ApplicationContext cache statistics: [DefaultContextCache@30c8c6ab size = 1, maxSize = 32, parentContextCount = 0, hitCount = 1, missCount = 1, failureCount = 0]
2024-11-14T11:01:49.709+05:30 DEBUG 12858 --- [BlogsBackend] [           main] org.springframework.test.context.cache   : Spring test ApplicationContext cache statistics: [DefaultContextCache@30c8c6ab size = 1, maxSize = 32, parentContextCount = 0, hitCount = 2, missCount = 1, failureCount = 0]
2024-11-14T11:01:49.718+05:30 DEBUG 12858 --- [BlogsBackend] [           main] sContextBeforeModesTestExecutionListener : Before test method: class [BlogsBackendApplicationTests], method [contextLoads], class annotated with @DirtiesContext [false] with mode [null], method annotated with @DirtiesContext [false] with mode [null]
2024-11-14T11:01:49.720+05:30 DEBUG 12858 --- [BlogsBackend] [           main] org.springframework.test.context.cache   : Spring test ApplicationContext cache statistics: [DefaultContextCache@30c8c6ab size = 1, maxSize = 32, parentContextCount = 0, hitCount = 3, missCount = 1, failureCount = 0]
2024-11-14T11:01:49.722+05:30 DEBUG 12858 --- [BlogsBackend] [           main] org.springframework.test.context.cache   : Spring test ApplicationContext cache statistics: [DefaultContextCache@30c8c6ab size = 1, maxSize = 32, parentContextCount = 0, hitCount = 4, missCount = 1, failureCount = 0]
2024-11-14T11:01:50.423+05:30 DEBUG 12858 --- [BlogsBackend] [           main] org.springframework.test.context.cache   : Spring test ApplicationContext cache statistics: [DefaultContextCache@30c8c6ab size = 1, maxSize = 32, parentContextCount = 0, hitCount = 5, missCount = 1, failureCount = 0]
2024-11-14T11:01:50.431+05:30 DEBUG 12858 --- [BlogsBackend] [           main] org.springframework.test.context.cache   : Spring test ApplicationContext cache statistics: [DefaultContextCache@30c8c6ab size = 1, maxSize = 32, parentContextCount = 0, hitCount = 6, missCount = 1, failureCount = 0]
2024-11-14T11:01:50.432+05:30 DEBUG 12858 --- [BlogsBackend] [           main] org.springframework.test.context.cache   : Spring test ApplicationContext cache statistics: [DefaultContextCache@30c8c6ab size = 1, maxSize = 32, parentContextCount = 0, hitCount = 7, missCount = 1, failureCount = 0]
2024-11-14T11:01:50.433+05:30 DEBUG 12858 --- [BlogsBackend] [           main] org.springframework.test.context.cache   : Spring test ApplicationContext cache statistics: [DefaultContextCache@30c8c6ab size = 1, maxSize = 32, parentContextCount = 0, hitCount = 8, missCount = 1, failureCount = 0]
2024-11-14T11:01:50.434+05:30 DEBUG 12858 --- [BlogsBackend] [           main] org.springframework.test.context.cache   : Spring test ApplicationContext cache statistics: [DefaultContextCache@30c8c6ab size = 1, maxSize = 32, parentContextCount = 0, hitCount = 9, missCount = 1, failureCount = 0]
2024-11-14T11:01:50.435+05:30 DEBUG 12858 --- [BlogsBackend] [           main] org.springframework.test.context.cache   : Spring test ApplicationContext cache statistics: [DefaultContextCache@30c8c6ab size = 1, maxSize = 32, parentContextCount = 0, hitCount = 10, missCount = 1, failureCount = 0]
2024-11-14T11:01:50.437+05:30 DEBUG 12858 --- [BlogsBackend] [           main] org.springframework.test.context.cache   : Spring test ApplicationContext cache statistics: [DefaultContextCache@30c8c6ab size = 1, maxSize = 32, parentContextCount = 0, hitCount = 11, missCount = 1, failureCount = 0]
2024-11-14T11:01:50.438+05:30 DEBUG 12858 --- [BlogsBackend] [           main] org.springframework.test.context.cache   : Spring test ApplicationContext cache statistics: [DefaultContextCache@30c8c6ab size = 1, maxSize = 32, parentContextCount = 0, hitCount = 12, missCount = 1, failureCount = 0]
2024-11-14T11:01:50.440+05:30 DEBUG 12858 --- [BlogsBackend] [           main] .c.s.DirtiesContextTestExecutionListener : After test method: class [BlogsBackendApplicationTests], method [contextLoads], class annotated with @DirtiesContext [false] with mode [null], method annotated with @DirtiesContext [false] with mode [null]
2024-11-14T11:01:50.440+05:30 DEBUG 12858 --- [BlogsBackend] [           main] o.s.t.c.w.ServletTestExecutionListener   : Resetting RequestContextHolder for test class com.Blogs.Backend.BlogsBackend.BlogsBackendApplicationTests
]]></system-out>
  </testcase>
</testsuite>